<?xml version="1.0" encoding="UTF-8"?>
<testng-results ignored="0" total="82" passed="4" failed="78" skipped="0">
  <reporter-output>
  </reporter-output>
  <suite started-at="2023-11-29T17:55:05 EST" name="Default suite" finished-at="2023-11-29T18:03:08 EST" duration-ms="482890">
    <groups>
      <group name="cucumber">
        <method signature="AbstractTestNGCucumberTests.runScenario(io.cucumber.testng.PickleWrapper,io.cucumber.testng.FeatureWrapper)[pri:0, instance:testrunner.testRunner$TestRunner@795509d9]" name="runScenario" class="io.cucumber.testng.AbstractTestNGCucumberTests"/>
      </group> <!-- cucumber -->
    </groups>
    <test started-at="2023-11-29T17:55:05 EST" name="Default test" finished-at="2023-11-29T18:03:08 EST" duration-ms="482890">
      <class name="testrunner.testRunner$TestRunner">
        <test-method is-config="true" signature="setUpClass(org.testng.ITestContext)[pri:0, instance:testrunner.testRunner$TestRunner@795509d9]" started-at="2023-11-29T17:55:05 EST" name="setUpClass" finished-at="2023-11-29T17:55:06 EST" duration-ms="1013" status="PASS">
          <params>
            <param index="0">
              <value>
                <![CDATA[org.testng.TestRunner@418f5f63]]>
              </value>
            </param>
          </params>
          <reporter-output>
          </reporter-output>
        </test-method> <!-- setUpClass -->
        <test-method signature="runScenario(io.cucumber.testng.PickleWrapper,io.cucumber.testng.FeatureWrapper)[pri:0, instance:testrunner.testRunner$TestRunner@795509d9]" started-at="2023-11-29T17:55:06 EST" name="runScenario" description="Runs Cucumber Scenarios" data-provider="scenarios" finished-at="2023-11-29T17:55:15 EST" duration-ms="8863" status="FAIL">
          <params>
            <param index="0">
              <value>
                <![CDATA["check if user able to create a program with valid endpoint and request body"]]>
              </value>
            </param>
            <param index="1">
              <value>
                <![CDATA["post request of all modules"]]>
              </value>
            </param>
          </params>
          <exception class="java.lang.AssertionError">
            <message>
              <![CDATA[1 expectation failed.
Expected header "Content-Type" was not "application/json", was "text/html; charset=utf-8". Headers are:
Connection=keep-alive
Server=Cowboy
Date=Wed, 29 Nov 2023 22:55:14 GMT
Content-Length=506
Report-To={"group":"heroku-nel","max_age":3600,"endpoints":[{"url":"https://nel.heroku.com/reports?ts=1701298510&sid=1b10b0ff-8a76-4548-befa-353fc6c6c045&s=ExMnwA2%2Bw3qhVwtatNSdyj%2FXu9wlJDuDz5AHkCKEPpo%3D"}]}
Reporting-Endpoints=heroku-nel=https://nel.heroku.com/reports?ts=1701298510&sid=1b10b0ff-8a76-4548-befa-353fc6c6c045&s=ExMnwA2%2Bw3qhVwtatNSdyj%2FXu9wlJDuDz5AHkCKEPpo%3D
Nel={"report_to":"heroku-nel","max_age":3600,"success_fraction":0.005,"failure_fraction":0.05,"response_headers":["Via"]}
Content-Type=text/html; charset=utf-8
Cache-Control=no-cache, no-store
]]>
            </message>
            <full-stacktrace>
              <![CDATA[java.lang.AssertionError: 1 expectation failed.
Expected header "Content-Type" was not "application/json", was "text/html; charset=utf-8". Headers are:
Connection=keep-alive
Server=Cowboy
Date=Wed, 29 Nov 2023 22:55:14 GMT
Content-Length=506
Report-To={"group":"heroku-nel","max_age":3600,"endpoints":[{"url":"https://nel.heroku.com/reports?ts=1701298510&sid=1b10b0ff-8a76-4548-befa-353fc6c6c045&s=ExMnwA2%2Bw3qhVwtatNSdyj%2FXu9wlJDuDz5AHkCKEPpo%3D"}]}
Reporting-Endpoints=heroku-nel=https://nel.heroku.com/reports?ts=1701298510&sid=1b10b0ff-8a76-4548-befa-353fc6c6c045&s=ExMnwA2%2Bw3qhVwtatNSdyj%2FXu9wlJDuDz5AHkCKEPpo%3D
Nel={"report_to":"heroku-nel","max_age":3600,"success_fraction":0.005,"failure_fraction":0.05,"response_headers":["Via"]}
Content-Type=text/html; charset=utf-8
Cache-Control=no-cache, no-store

at java.base/jdk.internal.reflect.NativeConstructorAccessorImpl.newInstance0(Native Method)
at java.base/jdk.internal.reflect.NativeConstructorAccessorImpl.newInstance(NativeConstructorAccessorImpl.java:77)
at java.base/jdk.internal.reflect.DelegatingConstructorAccessorImpl.newInstance(DelegatingConstructorAccessorImpl.java:45)
at java.base/java.lang.reflect.Constructor.newInstanceWithCaller(Constructor.java:499)
at java.base/java.lang.reflect.Constructor.newInstance(Constructor.java:480)
at org.codehaus.groovy.reflection.CachedConstructor.invoke(CachedConstructor.java:73)
at org.codehaus.groovy.runtime.callsite.ConstructorSite$ConstructorSiteNoUnwrapNoCoerce.callConstructor(ConstructorSite.java:108)
at org.codehaus.groovy.runtime.callsite.CallSiteArray.defaultCallConstructor(CallSiteArray.java:57)
at org.codehaus.groovy.runtime.callsite.AbstractCallSite.callConstructor(AbstractCallSite.java:263)
at org.codehaus.groovy.runtime.callsite.AbstractCallSite.callConstructor(AbstractCallSite.java:277)
at io.restassured.internal.ResponseSpecificationImpl$HamcrestAssertionClosure.validate(ResponseSpecificationImpl.groovy:512)
at io.restassured.internal.ResponseSpecificationImpl$HamcrestAssertionClosure$validate$1.call(Unknown Source)
at org.codehaus.groovy.runtime.callsite.CallSiteArray.defaultCall(CallSiteArray.java:45)
at org.codehaus.groovy.runtime.callsite.AbstractCallSite.call(AbstractCallSite.java:125)
at org.codehaus.groovy.runtime.callsite.AbstractCallSite.call(AbstractCallSite.java:139)
at io.restassured.internal.ResponseSpecificationImpl.validateResponseIfRequired(ResponseSpecificationImpl.groovy:696)
at io.restassured.internal.ResponseSpecificationImpl.this$2$validateResponseIfRequired(ResponseSpecificationImpl.groovy)
at java.base/jdk.internal.reflect.NativeMethodAccessorImpl.invoke0(Native Method)
at java.base/jdk.internal.reflect.NativeMethodAccessorImpl.invoke(NativeMethodAccessorImpl.java:77)
at java.base/jdk.internal.reflect.DelegatingMethodAccessorImpl.invoke(DelegatingMethodAccessorImpl.java:43)
at java.base/java.lang.reflect.Method.invoke(Method.java:568)
at org.codehaus.groovy.runtime.callsite.PlainObjectMetaMethodSite.doInvoke(PlainObjectMetaMethodSite.java:43)
at org.codehaus.groovy.runtime.callsite.PogoMetaMethodSite$PogoCachedMethodSiteNoUnwrapNoCoerce.invoke(PogoMetaMethodSite.java:198)
at org.codehaus.groovy.runtime.callsite.PogoMetaMethodSite.callCurrent(PogoMetaMethodSite.java:62)
at org.codehaus.groovy.runtime.callsite.CallSiteArray.defaultCallCurrent(CallSiteArray.java:49)
at org.codehaus.groovy.runtime.callsite.AbstractCallSite.callCurrent(AbstractCallSite.java:171)
at org.codehaus.groovy.runtime.callsite.AbstractCallSite.callCurrent(AbstractCallSite.java:185)
at io.restassured.internal.ResponseSpecificationImpl.header(ResponseSpecificationImpl.groovy:191)
at io.restassured.specification.ResponseSpecification$header$1.callCurrent(Unknown Source)
at org.codehaus.groovy.runtime.callsite.CallSiteArray.defaultCallCurrent(CallSiteArray.java:49)
at org.codehaus.groovy.runtime.callsite.AbstractCallSite.callCurrent(AbstractCallSite.java:171)
at org.codehaus.groovy.runtime.callsite.AbstractCallSite.callCurrent(AbstractCallSite.java:194)
at io.restassured.internal.ResponseSpecificationImpl.header(ResponseSpecificationImpl.groovy:198)
at io.restassured.internal.ValidatableResponseOptionsImpl.header(ValidatableResponseOptionsImpl.java:124)
at stepdefinition.PostRequestSteps.api_call_is_success_with_status_code201(PostRequestSteps.java:79)
at ✽.API call is success with status code201(file:///Users/surya/eclipse-workspace/LMSRestAssured/src/test/java/features/01PostRequest_Positive.feature:12)
]]>
            </full-stacktrace>
          </exception> <!-- java.lang.AssertionError -->
          <reporter-output>
          </reporter-output>
        </test-method> <!-- runScenario -->
        <test-method signature="runScenario(io.cucumber.testng.PickleWrapper,io.cucumber.testng.FeatureWrapper)[pri:0, instance:testrunner.testRunner$TestRunner@795509d9]" started-at="2023-11-29T17:55:15 EST" name="runScenario" description="Runs Cucumber Scenarios" data-provider="scenarios" finished-at="2023-11-29T17:55:21 EST" duration-ms="5775" status="FAIL">
          <params>
            <param index="0">
              <value>
                <![CDATA["check if user able to create a batch with valid endpoint and request body"]]>
              </value>
            </param>
            <param index="1">
              <value>
                <![CDATA["post request of all modules"]]>
              </value>
            </param>
          </params>
          <exception class="java.lang.AssertionError">
            <message>
              <![CDATA[1 expectation failed.
Expected header "Content-Type" was not "application/json", was "text/html; charset=utf-8". Headers are:
Connection=keep-alive
Server=Cowboy
Date=Wed, 29 Nov 2023 22:55:20 GMT
Content-Length=506
Report-To={"group":"heroku-nel","max_age":3600,"endpoints":[{"url":"https://nel.heroku.com/reports?ts=1701298516&sid=1b10b0ff-8a76-4548-befa-353fc6c6c045&s=cjq6GacHfiYNAAUt3nAPFkwSxd%2B3nmHaCaK%2FHN4H1iI%3D"}]}
Reporting-Endpoints=heroku-nel=https://nel.heroku.com/reports?ts=1701298516&sid=1b10b0ff-8a76-4548-befa-353fc6c6c045&s=cjq6GacHfiYNAAUt3nAPFkwSxd%2B3nmHaCaK%2FHN4H1iI%3D
Nel={"report_to":"heroku-nel","max_age":3600,"success_fraction":0.005,"failure_fraction":0.05,"response_headers":["Via"]}
Content-Type=text/html; charset=utf-8
Cache-Control=no-cache, no-store
]]>
            </message>
            <full-stacktrace>
              <![CDATA[java.lang.AssertionError: 1 expectation failed.
Expected header "Content-Type" was not "application/json", was "text/html; charset=utf-8". Headers are:
Connection=keep-alive
Server=Cowboy
Date=Wed, 29 Nov 2023 22:55:20 GMT
Content-Length=506
Report-To={"group":"heroku-nel","max_age":3600,"endpoints":[{"url":"https://nel.heroku.com/reports?ts=1701298516&sid=1b10b0ff-8a76-4548-befa-353fc6c6c045&s=cjq6GacHfiYNAAUt3nAPFkwSxd%2B3nmHaCaK%2FHN4H1iI%3D"}]}
Reporting-Endpoints=heroku-nel=https://nel.heroku.com/reports?ts=1701298516&sid=1b10b0ff-8a76-4548-befa-353fc6c6c045&s=cjq6GacHfiYNAAUt3nAPFkwSxd%2B3nmHaCaK%2FHN4H1iI%3D
Nel={"report_to":"heroku-nel","max_age":3600,"success_fraction":0.005,"failure_fraction":0.05,"response_headers":["Via"]}
Content-Type=text/html; charset=utf-8
Cache-Control=no-cache, no-store

at java.base/jdk.internal.reflect.NativeConstructorAccessorImpl.newInstance0(Native Method)
at java.base/jdk.internal.reflect.NativeConstructorAccessorImpl.newInstance(NativeConstructorAccessorImpl.java:77)
at java.base/jdk.internal.reflect.DelegatingConstructorAccessorImpl.newInstance(DelegatingConstructorAccessorImpl.java:45)
at java.base/java.lang.reflect.Constructor.newInstanceWithCaller(Constructor.java:499)
at java.base/java.lang.reflect.Constructor.newInstance(Constructor.java:480)
at org.codehaus.groovy.reflection.CachedConstructor.invoke(CachedConstructor.java:73)
at org.codehaus.groovy.runtime.callsite.ConstructorSite$ConstructorSiteNoUnwrapNoCoerce.callConstructor(ConstructorSite.java:108)
at org.codehaus.groovy.runtime.callsite.AbstractCallSite.callConstructor(AbstractCallSite.java:277)
at io.restassured.internal.ResponseSpecificationImpl$HamcrestAssertionClosure.validate(ResponseSpecificationImpl.groovy:512)
at io.restassured.internal.ResponseSpecificationImpl$HamcrestAssertionClosure$validate$1.call(Unknown Source)
at io.restassured.internal.ResponseSpecificationImpl.validateResponseIfRequired(ResponseSpecificationImpl.groovy:696)
at io.restassured.internal.ResponseSpecificationImpl.this$2$validateResponseIfRequired(ResponseSpecificationImpl.groovy)
at java.base/jdk.internal.reflect.NativeMethodAccessorImpl.invoke0(Native Method)
at java.base/jdk.internal.reflect.NativeMethodAccessorImpl.invoke(NativeMethodAccessorImpl.java:77)
at java.base/jdk.internal.reflect.DelegatingMethodAccessorImpl.invoke(DelegatingMethodAccessorImpl.java:43)
at java.base/java.lang.reflect.Method.invoke(Method.java:568)
at org.codehaus.groovy.runtime.callsite.PlainObjectMetaMethodSite.doInvoke(PlainObjectMetaMethodSite.java:43)
at org.codehaus.groovy.runtime.callsite.PogoMetaMethodSite$PogoCachedMethodSiteNoUnwrapNoCoerce.invoke(PogoMetaMethodSite.java:198)
at org.codehaus.groovy.runtime.callsite.PogoMetaMethodSite.callCurrent(PogoMetaMethodSite.java:62)
at org.codehaus.groovy.runtime.callsite.AbstractCallSite.callCurrent(AbstractCallSite.java:185)
at io.restassured.internal.ResponseSpecificationImpl.header(ResponseSpecificationImpl.groovy:191)
at io.restassured.specification.ResponseSpecification$header$1.callCurrent(Unknown Source)
at io.restassured.internal.ResponseSpecificationImpl.header(ResponseSpecificationImpl.groovy:198)
at io.restassured.internal.ValidatableResponseOptionsImpl.header(ValidatableResponseOptionsImpl.java:124)
at stepdefinition.PostRequestSteps.api_call_for_batch_is_success_with_status_code201(PostRequestSteps.java:126)
at ✽.API call for batch is success with status code201(file:///Users/surya/eclipse-workspace/LMSRestAssured/src/test/java/features/01PostRequest_Positive.feature:24)
]]>
            </full-stacktrace>
          </exception> <!-- java.lang.AssertionError -->
          <reporter-output>
          </reporter-output>
        </test-method> <!-- runScenario -->
        <test-method signature="runScenario(io.cucumber.testng.PickleWrapper,io.cucumber.testng.FeatureWrapper)[pri:0, instance:testrunner.testRunner$TestRunner@795509d9]" started-at="2023-11-29T17:55:21 EST" name="runScenario" description="Runs Cucumber Scenarios" data-provider="scenarios" finished-at="2023-11-29T17:55:27 EST" duration-ms="5565" status="FAIL">
          <params>
            <param index="0">
              <value>
                <![CDATA["check if user able to create a new user with valid endpoint and request body"]]>
              </value>
            </param>
            <param index="1">
              <value>
                <![CDATA["post request of all modules"]]>
              </value>
            </param>
          </params>
          <exception class="java.lang.AssertionError">
            <message>
              <![CDATA[1 expectation failed.
Expected header "Content-Type" was not "application/json", was "text/html; charset=utf-8". Headers are:
Connection=keep-alive
Server=Cowboy
Date=Wed, 29 Nov 2023 22:55:26 GMT
Content-Length=506
Report-To={"group":"heroku-nel","max_age":3600,"endpoints":[{"url":"https://nel.heroku.com/reports?ts=1701298522&sid=1b10b0ff-8a76-4548-befa-353fc6c6c045&s=tSeq%2BMje2Fkt5XHuRTWZeHFjQ5ejUfzWK7P9Oz5ulMQ%3D"}]}
Reporting-Endpoints=heroku-nel=https://nel.heroku.com/reports?ts=1701298522&sid=1b10b0ff-8a76-4548-befa-353fc6c6c045&s=tSeq%2BMje2Fkt5XHuRTWZeHFjQ5ejUfzWK7P9Oz5ulMQ%3D
Nel={"report_to":"heroku-nel","max_age":3600,"success_fraction":0.005,"failure_fraction":0.05,"response_headers":["Via"]}
Content-Type=text/html; charset=utf-8
Cache-Control=no-cache, no-store
]]>
            </message>
            <full-stacktrace>
              <![CDATA[java.lang.AssertionError: 1 expectation failed.
Expected header "Content-Type" was not "application/json", was "text/html; charset=utf-8". Headers are:
Connection=keep-alive
Server=Cowboy
Date=Wed, 29 Nov 2023 22:55:26 GMT
Content-Length=506
Report-To={"group":"heroku-nel","max_age":3600,"endpoints":[{"url":"https://nel.heroku.com/reports?ts=1701298522&sid=1b10b0ff-8a76-4548-befa-353fc6c6c045&s=tSeq%2BMje2Fkt5XHuRTWZeHFjQ5ejUfzWK7P9Oz5ulMQ%3D"}]}
Reporting-Endpoints=heroku-nel=https://nel.heroku.com/reports?ts=1701298522&sid=1b10b0ff-8a76-4548-befa-353fc6c6c045&s=tSeq%2BMje2Fkt5XHuRTWZeHFjQ5ejUfzWK7P9Oz5ulMQ%3D
Nel={"report_to":"heroku-nel","max_age":3600,"success_fraction":0.005,"failure_fraction":0.05,"response_headers":["Via"]}
Content-Type=text/html; charset=utf-8
Cache-Control=no-cache, no-store

at java.base/jdk.internal.reflect.NativeConstructorAccessorImpl.newInstance0(Native Method)
at java.base/jdk.internal.reflect.NativeConstructorAccessorImpl.newInstance(NativeConstructorAccessorImpl.java:77)
at java.base/jdk.internal.reflect.DelegatingConstructorAccessorImpl.newInstance(DelegatingConstructorAccessorImpl.java:45)
at java.base/java.lang.reflect.Constructor.newInstanceWithCaller(Constructor.java:499)
at java.base/java.lang.reflect.Constructor.newInstance(Constructor.java:480)
at org.codehaus.groovy.reflection.CachedConstructor.invoke(CachedConstructor.java:73)
at org.codehaus.groovy.runtime.callsite.ConstructorSite$ConstructorSiteNoUnwrapNoCoerce.callConstructor(ConstructorSite.java:108)
at org.codehaus.groovy.runtime.callsite.AbstractCallSite.callConstructor(AbstractCallSite.java:277)
at io.restassured.internal.ResponseSpecificationImpl$HamcrestAssertionClosure.validate(ResponseSpecificationImpl.groovy:512)
at io.restassured.internal.ResponseSpecificationImpl$HamcrestAssertionClosure$validate$1.call(Unknown Source)
at io.restassured.internal.ResponseSpecificationImpl.validateResponseIfRequired(ResponseSpecificationImpl.groovy:696)
at io.restassured.internal.ResponseSpecificationImpl.this$2$validateResponseIfRequired(ResponseSpecificationImpl.groovy)
at java.base/jdk.internal.reflect.NativeMethodAccessorImpl.invoke0(Native Method)
at java.base/jdk.internal.reflect.NativeMethodAccessorImpl.invoke(NativeMethodAccessorImpl.java:77)
at java.base/jdk.internal.reflect.DelegatingMethodAccessorImpl.invoke(DelegatingMethodAccessorImpl.java:43)
at java.base/java.lang.reflect.Method.invoke(Method.java:568)
at org.codehaus.groovy.runtime.callsite.PlainObjectMetaMethodSite.doInvoke(PlainObjectMetaMethodSite.java:43)
at org.codehaus.groovy.runtime.callsite.PogoMetaMethodSite$PogoCachedMethodSiteNoUnwrapNoCoerce.invoke(PogoMetaMethodSite.java:198)
at org.codehaus.groovy.runtime.callsite.PogoMetaMethodSite.callCurrent(PogoMetaMethodSite.java:62)
at org.codehaus.groovy.runtime.callsite.AbstractCallSite.callCurrent(AbstractCallSite.java:185)
at io.restassured.internal.ResponseSpecificationImpl.header(ResponseSpecificationImpl.groovy:191)
at io.restassured.specification.ResponseSpecification$header$1.callCurrent(Unknown Source)
at io.restassured.internal.ResponseSpecificationImpl.header(ResponseSpecificationImpl.groovy:198)
at io.restassured.internal.ValidatableResponseOptionsImpl.header(ValidatableResponseOptionsImpl.java:124)
at stepdefinition.PostRequestSteps.api_call_for_user_module_is_success_with_status_code201(PostRequestSteps.java:179)
at ✽.API call for User module is success with status code201(file:///Users/surya/eclipse-workspace/LMSRestAssured/src/test/java/features/01PostRequest_Positive.feature:36)
]]>
            </full-stacktrace>
          </exception> <!-- java.lang.AssertionError -->
          <reporter-output>
          </reporter-output>
        </test-method> <!-- runScenario -->
        <test-method signature="runScenario(io.cucumber.testng.PickleWrapper,io.cucumber.testng.FeatureWrapper)[pri:0, instance:testrunner.testRunner$TestRunner@795509d9]" started-at="2023-11-29T17:55:27 EST" name="runScenario" description="Runs Cucumber Scenarios" data-provider="scenarios" finished-at="2023-11-29T17:55:32 EST" duration-ms="5354" status="FAIL">
          <params>
            <param index="0">
              <value>
                <![CDATA["check if user able to add a record with valid endpoint and request body"]]>
              </value>
            </param>
            <param index="1">
              <value>
                <![CDATA["post request of all modules"]]>
              </value>
            </param>
          </params>
          <exception class="java.lang.AssertionError">
            <message>
              <![CDATA[1 expectation failed.
Expected header "Content-Type" was not "application/json", was "text/html; charset=utf-8". Headers are:
Connection=keep-alive
Server=Cowboy
Date=Wed, 29 Nov 2023 22:55:32 GMT
Content-Length=506
Report-To={"group":"heroku-nel","max_age":3600,"endpoints":[{"url":"https://nel.heroku.com/reports?ts=1701298527&sid=1b10b0ff-8a76-4548-befa-353fc6c6c045&s=rvexrBt3eRvZXV4iDFmaLtbJxL%2F3%2FW3MW8vAydylMNo%3D"}]}
Reporting-Endpoints=heroku-nel=https://nel.heroku.com/reports?ts=1701298527&sid=1b10b0ff-8a76-4548-befa-353fc6c6c045&s=rvexrBt3eRvZXV4iDFmaLtbJxL%2F3%2FW3MW8vAydylMNo%3D
Nel={"report_to":"heroku-nel","max_age":3600,"success_fraction":0.005,"failure_fraction":0.05,"response_headers":["Via"]}
Content-Type=text/html; charset=utf-8
Cache-Control=no-cache, no-store
]]>
            </message>
            <full-stacktrace>
              <![CDATA[java.lang.AssertionError: 1 expectation failed.
Expected header "Content-Type" was not "application/json", was "text/html; charset=utf-8". Headers are:
Connection=keep-alive
Server=Cowboy
Date=Wed, 29 Nov 2023 22:55:32 GMT
Content-Length=506
Report-To={"group":"heroku-nel","max_age":3600,"endpoints":[{"url":"https://nel.heroku.com/reports?ts=1701298527&sid=1b10b0ff-8a76-4548-befa-353fc6c6c045&s=rvexrBt3eRvZXV4iDFmaLtbJxL%2F3%2FW3MW8vAydylMNo%3D"}]}
Reporting-Endpoints=heroku-nel=https://nel.heroku.com/reports?ts=1701298527&sid=1b10b0ff-8a76-4548-befa-353fc6c6c045&s=rvexrBt3eRvZXV4iDFmaLtbJxL%2F3%2FW3MW8vAydylMNo%3D
Nel={"report_to":"heroku-nel","max_age":3600,"success_fraction":0.005,"failure_fraction":0.05,"response_headers":["Via"]}
Content-Type=text/html; charset=utf-8
Cache-Control=no-cache, no-store

at java.base/jdk.internal.reflect.NativeConstructorAccessorImpl.newInstance0(Native Method)
at java.base/jdk.internal.reflect.NativeConstructorAccessorImpl.newInstance(NativeConstructorAccessorImpl.java:77)
at java.base/jdk.internal.reflect.DelegatingConstructorAccessorImpl.newInstance(DelegatingConstructorAccessorImpl.java:45)
at java.base/java.lang.reflect.Constructor.newInstanceWithCaller(Constructor.java:499)
at java.base/java.lang.reflect.Constructor.newInstance(Constructor.java:480)
at org.codehaus.groovy.reflection.CachedConstructor.invoke(CachedConstructor.java:73)
at org.codehaus.groovy.runtime.callsite.ConstructorSite$ConstructorSiteNoUnwrapNoCoerce.callConstructor(ConstructorSite.java:108)
at org.codehaus.groovy.runtime.callsite.AbstractCallSite.callConstructor(AbstractCallSite.java:277)
at io.restassured.internal.ResponseSpecificationImpl$HamcrestAssertionClosure.validate(ResponseSpecificationImpl.groovy:512)
at io.restassured.internal.ResponseSpecificationImpl$HamcrestAssertionClosure$validate$1.call(Unknown Source)
at io.restassured.internal.ResponseSpecificationImpl.validateResponseIfRequired(ResponseSpecificationImpl.groovy:696)
at io.restassured.internal.ResponseSpecificationImpl.this$2$validateResponseIfRequired(ResponseSpecificationImpl.groovy)
at java.base/jdk.internal.reflect.NativeMethodAccessorImpl.invoke0(Native Method)
at java.base/jdk.internal.reflect.NativeMethodAccessorImpl.invoke(NativeMethodAccessorImpl.java:77)
at java.base/jdk.internal.reflect.DelegatingMethodAccessorImpl.invoke(DelegatingMethodAccessorImpl.java:43)
at java.base/java.lang.reflect.Method.invoke(Method.java:568)
at org.codehaus.groovy.runtime.callsite.PlainObjectMetaMethodSite.doInvoke(PlainObjectMetaMethodSite.java:43)
at org.codehaus.groovy.runtime.callsite.PogoMetaMethodSite$PogoCachedMethodSiteNoUnwrapNoCoerce.invoke(PogoMetaMethodSite.java:198)
at org.codehaus.groovy.runtime.callsite.PogoMetaMethodSite.callCurrent(PogoMetaMethodSite.java:62)
at org.codehaus.groovy.runtime.callsite.AbstractCallSite.callCurrent(AbstractCallSite.java:185)
at io.restassured.internal.ResponseSpecificationImpl.header(ResponseSpecificationImpl.groovy:191)
at io.restassured.specification.ResponseSpecification$header$1.callCurrent(Unknown Source)
at io.restassured.internal.ResponseSpecificationImpl.header(ResponseSpecificationImpl.groovy:198)
at io.restassured.internal.ValidatableResponseOptionsImpl.header(ValidatableResponseOptionsImpl.java:124)
at stepdefinition.PostRequestSteps.user_receives_status_code201_as_success(PostRequestSteps.java:250)
at ✽.User receives status code201 as success(file:///Users/surya/eclipse-workspace/LMSRestAssured/src/test/java/features/01PostRequest_Positive.feature:49)
]]>
            </full-stacktrace>
          </exception> <!-- java.lang.AssertionError -->
          <reporter-output>
          </reporter-output>
        </test-method> <!-- runScenario -->
        <test-method signature="runScenario(io.cucumber.testng.PickleWrapper,io.cucumber.testng.FeatureWrapper)[pri:0, instance:testrunner.testRunner$TestRunner@795509d9]" started-at="2023-11-29T17:55:32 EST" name="runScenario" description="Runs Cucumber Scenarios" data-provider="scenarios" finished-at="2023-11-29T17:55:37 EST" duration-ms="5380" status="FAIL">
          <params>
            <param index="0">
              <value>
                <![CDATA["check if user able to submit an assignment with valid endpoint and request body"]]>
              </value>
            </param>
            <param index="1">
              <value>
                <![CDATA["post request of all modules"]]>
              </value>
            </param>
          </params>
          <exception class="java.lang.AssertionError">
            <message>
              <![CDATA[1 expectation failed.
Expected header "Content-Type" was not "application/json", was "text/html; charset=utf-8". Headers are:
Connection=keep-alive
Server=Cowboy
Date=Wed, 29 Nov 2023 22:55:37 GMT
Content-Length=506
Report-To={"group":"heroku-nel","max_age":3600,"endpoints":[{"url":"https://nel.heroku.com/reports?ts=1701298532&sid=1b10b0ff-8a76-4548-befa-353fc6c6c045&s=tqtROMU291w4sYCWO89UFWeBLViGyenzalKYWbHf0Jo%3D"}]}
Reporting-Endpoints=heroku-nel=https://nel.heroku.com/reports?ts=1701298532&sid=1b10b0ff-8a76-4548-befa-353fc6c6c045&s=tqtROMU291w4sYCWO89UFWeBLViGyenzalKYWbHf0Jo%3D
Nel={"report_to":"heroku-nel","max_age":3600,"success_fraction":0.005,"failure_fraction":0.05,"response_headers":["Via"]}
Content-Type=text/html; charset=utf-8
Cache-Control=no-cache, no-store
]]>
            </message>
            <full-stacktrace>
              <![CDATA[java.lang.AssertionError: 1 expectation failed.
Expected header "Content-Type" was not "application/json", was "text/html; charset=utf-8". Headers are:
Connection=keep-alive
Server=Cowboy
Date=Wed, 29 Nov 2023 22:55:37 GMT
Content-Length=506
Report-To={"group":"heroku-nel","max_age":3600,"endpoints":[{"url":"https://nel.heroku.com/reports?ts=1701298532&sid=1b10b0ff-8a76-4548-befa-353fc6c6c045&s=tqtROMU291w4sYCWO89UFWeBLViGyenzalKYWbHf0Jo%3D"}]}
Reporting-Endpoints=heroku-nel=https://nel.heroku.com/reports?ts=1701298532&sid=1b10b0ff-8a76-4548-befa-353fc6c6c045&s=tqtROMU291w4sYCWO89UFWeBLViGyenzalKYWbHf0Jo%3D
Nel={"report_to":"heroku-nel","max_age":3600,"success_fraction":0.005,"failure_fraction":0.05,"response_headers":["Via"]}
Content-Type=text/html; charset=utf-8
Cache-Control=no-cache, no-store

at java.base/jdk.internal.reflect.NativeConstructorAccessorImpl.newInstance0(Native Method)
at java.base/jdk.internal.reflect.NativeConstructorAccessorImpl.newInstance(NativeConstructorAccessorImpl.java:77)
at java.base/jdk.internal.reflect.DelegatingConstructorAccessorImpl.newInstance(DelegatingConstructorAccessorImpl.java:45)
at java.base/java.lang.reflect.Constructor.newInstanceWithCaller(Constructor.java:499)
at java.base/java.lang.reflect.Constructor.newInstance(Constructor.java:480)
at org.codehaus.groovy.reflection.CachedConstructor.invoke(CachedConstructor.java:73)
at org.codehaus.groovy.runtime.callsite.ConstructorSite$ConstructorSiteNoUnwrapNoCoerce.callConstructor(ConstructorSite.java:108)
at org.codehaus.groovy.runtime.callsite.AbstractCallSite.callConstructor(AbstractCallSite.java:277)
at io.restassured.internal.ResponseSpecificationImpl$HamcrestAssertionClosure.validate(ResponseSpecificationImpl.groovy:512)
at io.restassured.internal.ResponseSpecificationImpl$HamcrestAssertionClosure$validate$1.call(Unknown Source)
at io.restassured.internal.ResponseSpecificationImpl.validateResponseIfRequired(ResponseSpecificationImpl.groovy:696)
at io.restassured.internal.ResponseSpecificationImpl.this$2$validateResponseIfRequired(ResponseSpecificationImpl.groovy)
at java.base/jdk.internal.reflect.NativeMethodAccessorImpl.invoke0(Native Method)
at java.base/jdk.internal.reflect.NativeMethodAccessorImpl.invoke(NativeMethodAccessorImpl.java:77)
at java.base/jdk.internal.reflect.DelegatingMethodAccessorImpl.invoke(DelegatingMethodAccessorImpl.java:43)
at java.base/java.lang.reflect.Method.invoke(Method.java:568)
at org.codehaus.groovy.runtime.callsite.PlainObjectMetaMethodSite.doInvoke(PlainObjectMetaMethodSite.java:43)
at org.codehaus.groovy.runtime.callsite.PogoMetaMethodSite$PogoCachedMethodSiteNoUnwrapNoCoerce.invoke(PogoMetaMethodSite.java:198)
at org.codehaus.groovy.runtime.callsite.PogoMetaMethodSite.callCurrent(PogoMetaMethodSite.java:62)
at org.codehaus.groovy.runtime.callsite.AbstractCallSite.callCurrent(AbstractCallSite.java:185)
at io.restassured.internal.ResponseSpecificationImpl.header(ResponseSpecificationImpl.groovy:191)
at io.restassured.specification.ResponseSpecification$header$1.callCurrent(Unknown Source)
at io.restassured.internal.ResponseSpecificationImpl.header(ResponseSpecificationImpl.groovy:198)
at io.restassured.internal.ValidatableResponseOptionsImpl.header(ValidatableResponseOptionsImpl.java:124)
at stepdefinition.PostRequestSteps.user_receives_success_code_with_response_body(PostRequestSteps.java:295)
at ✽.User receives success code with response body(file:///Users/surya/eclipse-workspace/LMSRestAssured/src/test/java/features/01PostRequest_Positive.feature:61)
]]>
            </full-stacktrace>
          </exception> <!-- java.lang.AssertionError -->
          <reporter-output>
          </reporter-output>
        </test-method> <!-- runScenario -->
        <test-method signature="runScenario(io.cucumber.testng.PickleWrapper,io.cucumber.testng.FeatureWrapper)[pri:0, instance:testrunner.testRunner$TestRunner@795509d9]" started-at="2023-11-29T17:55:37 EST" name="runScenario" description="Runs Cucumber Scenarios" data-provider="scenarios" finished-at="2023-11-29T17:55:43 EST" duration-ms="5634" status="FAIL">
          <params>
            <param index="0">
              <value>
                <![CDATA["check if user able to create a program with existing program name"]]>
              </value>
            </param>
            <param index="1">
              <value>
                <![CDATA["All Post Negative Scenarios"]]>
              </value>
            </param>
          </params>
          <exception class="java.lang.AssertionError">
            <message>
              <![CDATA[1 expectation failed.
Expected header "Content-Type" was not "application/json", was "text/html; charset=utf-8". Headers are:
Connection=keep-alive
Server=Cowboy
Date=Wed, 29 Nov 2023 22:55:42 GMT
Content-Length=506
Report-To={"group":"heroku-nel","max_age":3600,"endpoints":[{"url":"https://nel.heroku.com/reports?ts=1701298538&sid=1b10b0ff-8a76-4548-befa-353fc6c6c045&s=SmHmE9LCRiIvOfHRgauonOJX883jto%2F%2B47txIvlQd20%3D"}]}
Reporting-Endpoints=heroku-nel=https://nel.heroku.com/reports?ts=1701298538&sid=1b10b0ff-8a76-4548-befa-353fc6c6c045&s=SmHmE9LCRiIvOfHRgauonOJX883jto%2F%2B47txIvlQd20%3D
Nel={"report_to":"heroku-nel","max_age":3600,"success_fraction":0.005,"failure_fraction":0.05,"response_headers":["Via"]}
Content-Type=text/html; charset=utf-8
Cache-Control=no-cache, no-store
]]>
            </message>
            <full-stacktrace>
              <![CDATA[java.lang.AssertionError: 1 expectation failed.
Expected header "Content-Type" was not "application/json", was "text/html; charset=utf-8". Headers are:
Connection=keep-alive
Server=Cowboy
Date=Wed, 29 Nov 2023 22:55:42 GMT
Content-Length=506
Report-To={"group":"heroku-nel","max_age":3600,"endpoints":[{"url":"https://nel.heroku.com/reports?ts=1701298538&sid=1b10b0ff-8a76-4548-befa-353fc6c6c045&s=SmHmE9LCRiIvOfHRgauonOJX883jto%2F%2B47txIvlQd20%3D"}]}
Reporting-Endpoints=heroku-nel=https://nel.heroku.com/reports?ts=1701298538&sid=1b10b0ff-8a76-4548-befa-353fc6c6c045&s=SmHmE9LCRiIvOfHRgauonOJX883jto%2F%2B47txIvlQd20%3D
Nel={"report_to":"heroku-nel","max_age":3600,"success_fraction":0.005,"failure_fraction":0.05,"response_headers":["Via"]}
Content-Type=text/html; charset=utf-8
Cache-Control=no-cache, no-store

at java.base/jdk.internal.reflect.NativeConstructorAccessorImpl.newInstance0(Native Method)
at java.base/jdk.internal.reflect.NativeConstructorAccessorImpl.newInstance(NativeConstructorAccessorImpl.java:77)
at java.base/jdk.internal.reflect.DelegatingConstructorAccessorImpl.newInstance(DelegatingConstructorAccessorImpl.java:45)
at java.base/java.lang.reflect.Constructor.newInstanceWithCaller(Constructor.java:499)
at java.base/java.lang.reflect.Constructor.newInstance(Constructor.java:480)
at org.codehaus.groovy.reflection.CachedConstructor.invoke(CachedConstructor.java:73)
at org.codehaus.groovy.runtime.callsite.ConstructorSite$ConstructorSiteNoUnwrapNoCoerce.callConstructor(ConstructorSite.java:108)
at org.codehaus.groovy.runtime.callsite.AbstractCallSite.callConstructor(AbstractCallSite.java:277)
at io.restassured.internal.ResponseSpecificationImpl$HamcrestAssertionClosure.validate(ResponseSpecificationImpl.groovy:512)
at io.restassured.internal.ResponseSpecificationImpl$HamcrestAssertionClosure$validate$1.call(Unknown Source)
at io.restassured.internal.ResponseSpecificationImpl.validateResponseIfRequired(ResponseSpecificationImpl.groovy:696)
at io.restassured.internal.ResponseSpecificationImpl.this$2$validateResponseIfRequired(ResponseSpecificationImpl.groovy)
at java.base/jdk.internal.reflect.NativeMethodAccessorImpl.invoke0(Native Method)
at java.base/jdk.internal.reflect.NativeMethodAccessorImpl.invoke(NativeMethodAccessorImpl.java:77)
at java.base/jdk.internal.reflect.DelegatingMethodAccessorImpl.invoke(DelegatingMethodAccessorImpl.java:43)
at java.base/java.lang.reflect.Method.invoke(Method.java:568)
at org.codehaus.groovy.runtime.callsite.PlainObjectMetaMethodSite.doInvoke(PlainObjectMetaMethodSite.java:43)
at org.codehaus.groovy.runtime.callsite.PogoMetaMethodSite$PogoCachedMethodSiteNoUnwrapNoCoerce.invoke(PogoMetaMethodSite.java:198)
at org.codehaus.groovy.runtime.callsite.PogoMetaMethodSite.callCurrent(PogoMetaMethodSite.java:62)
at org.codehaus.groovy.runtime.callsite.AbstractCallSite.callCurrent(AbstractCallSite.java:185)
at io.restassured.internal.ResponseSpecificationImpl.header(ResponseSpecificationImpl.groovy:191)
at io.restassured.specification.ResponseSpecification$header$1.callCurrent(Unknown Source)
at io.restassured.internal.ResponseSpecificationImpl.header(ResponseSpecificationImpl.groovy:198)
at io.restassured.internal.ValidatableResponseOptionsImpl.header(ValidatableResponseOptionsImpl.java:124)
at stepdefinition.Post_NegScenarioAll.user_receives_bad_request_status_code_with_message_and_boolean_success_details(Post_NegScenarioAll.java:140)
at ✽.User receives BadRequest status code with message and boolean success details(file:///Users/surya/eclipse-workspace/LMSRestAssured/src/test/java/features/02Post_NegativeScenarios.feature:10)
]]>
            </full-stacktrace>
          </exception> <!-- java.lang.AssertionError -->
          <reporter-output>
          </reporter-output>
        </test-method> <!-- runScenario -->
        <test-method signature="runScenario(io.cucumber.testng.PickleWrapper,io.cucumber.testng.FeatureWrapper)[pri:0, instance:testrunner.testRunner$TestRunner@795509d9]" started-at="2023-11-29T17:55:43 EST" name="runScenario" description="Runs Cucumber Scenarios" data-provider="scenarios" finished-at="2023-11-29T17:55:49 EST" duration-ms="5499" status="FAIL">
          <params>
            <param index="0">
              <value>
                <![CDATA["check if user able to create a program with missing field"]]>
              </value>
            </param>
            <param index="1">
              <value>
                <![CDATA["All Post Negative Scenarios"]]>
              </value>
            </param>
          </params>
          <exception class="java.lang.AssertionError">
            <message>
              <![CDATA[1 expectation failed.
Expected header "Content-Type" was not "application/json", was "text/html; charset=utf-8". Headers are:
Connection=keep-alive
Server=Cowboy
Date=Wed, 29 Nov 2023 22:55:48 GMT
Content-Length=506
Report-To={"group":"heroku-nel","max_age":3600,"endpoints":[{"url":"https://nel.heroku.com/reports?ts=1701298544&sid=1b10b0ff-8a76-4548-befa-353fc6c6c045&s=X3K6e8Hi4FediLGyNZ2HH0DtXdqyq4Ls0S7fJ%2Bm6jKM%3D"}]}
Reporting-Endpoints=heroku-nel=https://nel.heroku.com/reports?ts=1701298544&sid=1b10b0ff-8a76-4548-befa-353fc6c6c045&s=X3K6e8Hi4FediLGyNZ2HH0DtXdqyq4Ls0S7fJ%2Bm6jKM%3D
Nel={"report_to":"heroku-nel","max_age":3600,"success_fraction":0.005,"failure_fraction":0.05,"response_headers":["Via"]}
Content-Type=text/html; charset=utf-8
Cache-Control=no-cache, no-store
]]>
            </message>
            <full-stacktrace>
              <![CDATA[java.lang.AssertionError: 1 expectation failed.
Expected header "Content-Type" was not "application/json", was "text/html; charset=utf-8". Headers are:
Connection=keep-alive
Server=Cowboy
Date=Wed, 29 Nov 2023 22:55:48 GMT
Content-Length=506
Report-To={"group":"heroku-nel","max_age":3600,"endpoints":[{"url":"https://nel.heroku.com/reports?ts=1701298544&sid=1b10b0ff-8a76-4548-befa-353fc6c6c045&s=X3K6e8Hi4FediLGyNZ2HH0DtXdqyq4Ls0S7fJ%2Bm6jKM%3D"}]}
Reporting-Endpoints=heroku-nel=https://nel.heroku.com/reports?ts=1701298544&sid=1b10b0ff-8a76-4548-befa-353fc6c6c045&s=X3K6e8Hi4FediLGyNZ2HH0DtXdqyq4Ls0S7fJ%2Bm6jKM%3D
Nel={"report_to":"heroku-nel","max_age":3600,"success_fraction":0.005,"failure_fraction":0.05,"response_headers":["Via"]}
Content-Type=text/html; charset=utf-8
Cache-Control=no-cache, no-store

at java.base/jdk.internal.reflect.NativeConstructorAccessorImpl.newInstance0(Native Method)
at java.base/jdk.internal.reflect.NativeConstructorAccessorImpl.newInstance(NativeConstructorAccessorImpl.java:77)
at java.base/jdk.internal.reflect.DelegatingConstructorAccessorImpl.newInstance(DelegatingConstructorAccessorImpl.java:45)
at java.base/java.lang.reflect.Constructor.newInstanceWithCaller(Constructor.java:499)
at java.base/java.lang.reflect.Constructor.newInstance(Constructor.java:480)
at org.codehaus.groovy.reflection.CachedConstructor.invoke(CachedConstructor.java:73)
at org.codehaus.groovy.runtime.callsite.ConstructorSite$ConstructorSiteNoUnwrapNoCoerce.callConstructor(ConstructorSite.java:108)
at org.codehaus.groovy.runtime.callsite.AbstractCallSite.callConstructor(AbstractCallSite.java:277)
at io.restassured.internal.ResponseSpecificationImpl$HamcrestAssertionClosure.validate(ResponseSpecificationImpl.groovy:512)
at io.restassured.internal.ResponseSpecificationImpl$HamcrestAssertionClosure$validate$1.call(Unknown Source)
at io.restassured.internal.ResponseSpecificationImpl.validateResponseIfRequired(ResponseSpecificationImpl.groovy:696)
at io.restassured.internal.ResponseSpecificationImpl.this$2$validateResponseIfRequired(ResponseSpecificationImpl.groovy)
at java.base/jdk.internal.reflect.NativeMethodAccessorImpl.invoke0(Native Method)
at java.base/jdk.internal.reflect.NativeMethodAccessorImpl.invoke(NativeMethodAccessorImpl.java:77)
at java.base/jdk.internal.reflect.DelegatingMethodAccessorImpl.invoke(DelegatingMethodAccessorImpl.java:43)
at java.base/java.lang.reflect.Method.invoke(Method.java:568)
at org.codehaus.groovy.runtime.callsite.PlainObjectMetaMethodSite.doInvoke(PlainObjectMetaMethodSite.java:43)
at org.codehaus.groovy.runtime.callsite.PogoMetaMethodSite$PogoCachedMethodSiteNoUnwrapNoCoerce.invoke(PogoMetaMethodSite.java:198)
at org.codehaus.groovy.runtime.callsite.PogoMetaMethodSite.callCurrent(PogoMetaMethodSite.java:62)
at org.codehaus.groovy.runtime.callsite.AbstractCallSite.callCurrent(AbstractCallSite.java:185)
at io.restassured.internal.ResponseSpecificationImpl.header(ResponseSpecificationImpl.groovy:191)
at io.restassured.specification.ResponseSpecification$header$1.callCurrent(Unknown Source)
at io.restassured.internal.ResponseSpecificationImpl.header(ResponseSpecificationImpl.groovy:198)
at io.restassured.internal.ValidatableResponseOptionsImpl.header(ValidatableResponseOptionsImpl.java:124)
at stepdefinition.Post_NegScenarioAll.user_receives_bad_request_status_code_with_message_and_boolean_success_details(Post_NegScenarioAll.java:140)
at ✽.User receives BadRequest status code with message and boolean success details(file:///Users/surya/eclipse-workspace/LMSRestAssured/src/test/java/features/02Post_NegativeScenarios.feature:20)
]]>
            </full-stacktrace>
          </exception> <!-- java.lang.AssertionError -->
          <reporter-output>
          </reporter-output>
        </test-method> <!-- runScenario -->
        <test-method signature="runScenario(io.cucumber.testng.PickleWrapper,io.cucumber.testng.FeatureWrapper)[pri:0, instance:testrunner.testRunner$TestRunner@795509d9]" started-at="2023-11-29T17:55:49 EST" name="runScenario" description="Runs Cucumber Scenarios" data-provider="scenarios" finished-at="2023-11-29T17:55:54 EST" duration-ms="5531" status="FAIL">
          <params>
            <param index="0">
              <value>
                <![CDATA["check if user able to create a batch with existing batch name"]]>
              </value>
            </param>
            <param index="1">
              <value>
                <![CDATA["All Post Negative Scenarios"]]>
              </value>
            </param>
          </params>
          <exception class="java.lang.AssertionError">
            <message>
              <![CDATA[1 expectation failed.
Expected header "Content-Type" was not "application/json", was "text/html; charset=utf-8". Headers are:
Connection=keep-alive
Server=Cowboy
Date=Wed, 29 Nov 2023 22:55:54 GMT
Content-Length=506
Report-To={"group":"heroku-nel","max_age":3600,"endpoints":[{"url":"https://nel.heroku.com/reports?ts=1701298549&sid=1b10b0ff-8a76-4548-befa-353fc6c6c045&s=1dJKzTSFr45VpOdfhIRriQMIa%2B11643y2Ynsuw69mNk%3D"}]}
Reporting-Endpoints=heroku-nel=https://nel.heroku.com/reports?ts=1701298549&sid=1b10b0ff-8a76-4548-befa-353fc6c6c045&s=1dJKzTSFr45VpOdfhIRriQMIa%2B11643y2Ynsuw69mNk%3D
Nel={"report_to":"heroku-nel","max_age":3600,"success_fraction":0.005,"failure_fraction":0.05,"response_headers":["Via"]}
Content-Type=text/html; charset=utf-8
Cache-Control=no-cache, no-store
]]>
            </message>
            <full-stacktrace>
              <![CDATA[java.lang.AssertionError: 1 expectation failed.
Expected header "Content-Type" was not "application/json", was "text/html; charset=utf-8". Headers are:
Connection=keep-alive
Server=Cowboy
Date=Wed, 29 Nov 2023 22:55:54 GMT
Content-Length=506
Report-To={"group":"heroku-nel","max_age":3600,"endpoints":[{"url":"https://nel.heroku.com/reports?ts=1701298549&sid=1b10b0ff-8a76-4548-befa-353fc6c6c045&s=1dJKzTSFr45VpOdfhIRriQMIa%2B11643y2Ynsuw69mNk%3D"}]}
Reporting-Endpoints=heroku-nel=https://nel.heroku.com/reports?ts=1701298549&sid=1b10b0ff-8a76-4548-befa-353fc6c6c045&s=1dJKzTSFr45VpOdfhIRriQMIa%2B11643y2Ynsuw69mNk%3D
Nel={"report_to":"heroku-nel","max_age":3600,"success_fraction":0.005,"failure_fraction":0.05,"response_headers":["Via"]}
Content-Type=text/html; charset=utf-8
Cache-Control=no-cache, no-store

at java.base/jdk.internal.reflect.NativeConstructorAccessorImpl.newInstance0(Native Method)
at java.base/jdk.internal.reflect.NativeConstructorAccessorImpl.newInstance(NativeConstructorAccessorImpl.java:77)
at java.base/jdk.internal.reflect.DelegatingConstructorAccessorImpl.newInstance(DelegatingConstructorAccessorImpl.java:45)
at java.base/java.lang.reflect.Constructor.newInstanceWithCaller(Constructor.java:499)
at java.base/java.lang.reflect.Constructor.newInstance(Constructor.java:480)
at org.codehaus.groovy.reflection.CachedConstructor.invoke(CachedConstructor.java:73)
at org.codehaus.groovy.runtime.callsite.ConstructorSite$ConstructorSiteNoUnwrapNoCoerce.callConstructor(ConstructorSite.java:108)
at org.codehaus.groovy.runtime.callsite.AbstractCallSite.callConstructor(AbstractCallSite.java:277)
at io.restassured.internal.ResponseSpecificationImpl$HamcrestAssertionClosure.validate(ResponseSpecificationImpl.groovy:512)
at io.restassured.internal.ResponseSpecificationImpl$HamcrestAssertionClosure$validate$1.call(Unknown Source)
at io.restassured.internal.ResponseSpecificationImpl.validateResponseIfRequired(ResponseSpecificationImpl.groovy:696)
at io.restassured.internal.ResponseSpecificationImpl.this$2$validateResponseIfRequired(ResponseSpecificationImpl.groovy)
at java.base/jdk.internal.reflect.NativeMethodAccessorImpl.invoke0(Native Method)
at java.base/jdk.internal.reflect.NativeMethodAccessorImpl.invoke(NativeMethodAccessorImpl.java:77)
at java.base/jdk.internal.reflect.DelegatingMethodAccessorImpl.invoke(DelegatingMethodAccessorImpl.java:43)
at java.base/java.lang.reflect.Method.invoke(Method.java:568)
at org.codehaus.groovy.runtime.callsite.PlainObjectMetaMethodSite.doInvoke(PlainObjectMetaMethodSite.java:43)
at org.codehaus.groovy.runtime.callsite.PogoMetaMethodSite$PogoCachedMethodSiteNoUnwrapNoCoerce.invoke(PogoMetaMethodSite.java:198)
at org.codehaus.groovy.runtime.callsite.PogoMetaMethodSite.callCurrent(PogoMetaMethodSite.java:62)
at org.codehaus.groovy.runtime.callsite.AbstractCallSite.callCurrent(AbstractCallSite.java:185)
at io.restassured.internal.ResponseSpecificationImpl.header(ResponseSpecificationImpl.groovy:191)
at io.restassured.specification.ResponseSpecification$header$1.callCurrent(Unknown Source)
at io.restassured.internal.ResponseSpecificationImpl.header(ResponseSpecificationImpl.groovy:198)
at io.restassured.internal.ValidatableResponseOptionsImpl.header(ValidatableResponseOptionsImpl.java:124)
at stepdefinition.Post_NegScenarioAll.user_receives_bad_request_status_code_with_message_and_boolean_success_details(Post_NegScenarioAll.java:140)
at ✽.User receives BadRequest status code with message and boolean success details(file:///Users/surya/eclipse-workspace/LMSRestAssured/src/test/java/features/02Post_NegativeScenarios.feature:32)
]]>
            </full-stacktrace>
          </exception> <!-- java.lang.AssertionError -->
          <reporter-output>
          </reporter-output>
        </test-method> <!-- runScenario -->
        <test-method signature="runScenario(io.cucumber.testng.PickleWrapper,io.cucumber.testng.FeatureWrapper)[pri:0, instance:testrunner.testRunner$TestRunner@795509d9]" started-at="2023-11-29T17:55:54 EST" name="runScenario" description="Runs Cucumber Scenarios" data-provider="scenarios" finished-at="2023-11-29T17:56:00 EST" duration-ms="5515" status="FAIL">
          <params>
            <param index="0">
              <value>
                <![CDATA["check if user able to create a batch with missing field"]]>
              </value>
            </param>
            <param index="1">
              <value>
                <![CDATA["All Post Negative Scenarios"]]>
              </value>
            </param>
          </params>
          <exception class="java.lang.AssertionError">
            <message>
              <![CDATA[1 expectation failed.
Expected header "Content-Type" was not "application/json", was "text/html; charset=utf-8". Headers are:
Connection=keep-alive
Server=Cowboy
Date=Wed, 29 Nov 2023 22:55:59 GMT
Content-Length=506
Report-To={"group":"heroku-nel","max_age":3600,"endpoints":[{"url":"https://nel.heroku.com/reports?ts=1701298555&sid=1b10b0ff-8a76-4548-befa-353fc6c6c045&s=jj85MQn%2FoE5b9dPSjlPQm0bS9m6%2FU60jHSRvP3XlnD0%3D"}]}
Reporting-Endpoints=heroku-nel=https://nel.heroku.com/reports?ts=1701298555&sid=1b10b0ff-8a76-4548-befa-353fc6c6c045&s=jj85MQn%2FoE5b9dPSjlPQm0bS9m6%2FU60jHSRvP3XlnD0%3D
Nel={"report_to":"heroku-nel","max_age":3600,"success_fraction":0.005,"failure_fraction":0.05,"response_headers":["Via"]}
Content-Type=text/html; charset=utf-8
Cache-Control=no-cache, no-store
]]>
            </message>
            <full-stacktrace>
              <![CDATA[java.lang.AssertionError: 1 expectation failed.
Expected header "Content-Type" was not "application/json", was "text/html; charset=utf-8". Headers are:
Connection=keep-alive
Server=Cowboy
Date=Wed, 29 Nov 2023 22:55:59 GMT
Content-Length=506
Report-To={"group":"heroku-nel","max_age":3600,"endpoints":[{"url":"https://nel.heroku.com/reports?ts=1701298555&sid=1b10b0ff-8a76-4548-befa-353fc6c6c045&s=jj85MQn%2FoE5b9dPSjlPQm0bS9m6%2FU60jHSRvP3XlnD0%3D"}]}
Reporting-Endpoints=heroku-nel=https://nel.heroku.com/reports?ts=1701298555&sid=1b10b0ff-8a76-4548-befa-353fc6c6c045&s=jj85MQn%2FoE5b9dPSjlPQm0bS9m6%2FU60jHSRvP3XlnD0%3D
Nel={"report_to":"heroku-nel","max_age":3600,"success_fraction":0.005,"failure_fraction":0.05,"response_headers":["Via"]}
Content-Type=text/html; charset=utf-8
Cache-Control=no-cache, no-store

at java.base/jdk.internal.reflect.NativeConstructorAccessorImpl.newInstance0(Native Method)
at java.base/jdk.internal.reflect.NativeConstructorAccessorImpl.newInstance(NativeConstructorAccessorImpl.java:77)
at java.base/jdk.internal.reflect.DelegatingConstructorAccessorImpl.newInstance(DelegatingConstructorAccessorImpl.java:45)
at java.base/java.lang.reflect.Constructor.newInstanceWithCaller(Constructor.java:499)
at java.base/java.lang.reflect.Constructor.newInstance(Constructor.java:480)
at org.codehaus.groovy.reflection.CachedConstructor.invoke(CachedConstructor.java:73)
at org.codehaus.groovy.runtime.callsite.ConstructorSite$ConstructorSiteNoUnwrapNoCoerce.callConstructor(ConstructorSite.java:108)
at org.codehaus.groovy.runtime.callsite.AbstractCallSite.callConstructor(AbstractCallSite.java:277)
at io.restassured.internal.ResponseSpecificationImpl$HamcrestAssertionClosure.validate(ResponseSpecificationImpl.groovy:512)
at io.restassured.internal.ResponseSpecificationImpl$HamcrestAssertionClosure$validate$1.call(Unknown Source)
at io.restassured.internal.ResponseSpecificationImpl.validateResponseIfRequired(ResponseSpecificationImpl.groovy:696)
at io.restassured.internal.ResponseSpecificationImpl.this$2$validateResponseIfRequired(ResponseSpecificationImpl.groovy)
at java.base/jdk.internal.reflect.NativeMethodAccessorImpl.invoke0(Native Method)
at java.base/jdk.internal.reflect.NativeMethodAccessorImpl.invoke(NativeMethodAccessorImpl.java:77)
at java.base/jdk.internal.reflect.DelegatingMethodAccessorImpl.invoke(DelegatingMethodAccessorImpl.java:43)
at java.base/java.lang.reflect.Method.invoke(Method.java:568)
at org.codehaus.groovy.runtime.callsite.PlainObjectMetaMethodSite.doInvoke(PlainObjectMetaMethodSite.java:43)
at org.codehaus.groovy.runtime.callsite.PogoMetaMethodSite$PogoCachedMethodSiteNoUnwrapNoCoerce.invoke(PogoMetaMethodSite.java:198)
at org.codehaus.groovy.runtime.callsite.PogoMetaMethodSite.callCurrent(PogoMetaMethodSite.java:62)
at org.codehaus.groovy.runtime.callsite.AbstractCallSite.callCurrent(AbstractCallSite.java:185)
at io.restassured.internal.ResponseSpecificationImpl.header(ResponseSpecificationImpl.groovy:191)
at io.restassured.specification.ResponseSpecification$header$1.callCurrent(Unknown Source)
at io.restassured.internal.ResponseSpecificationImpl.header(ResponseSpecificationImpl.groovy:198)
at io.restassured.internal.ValidatableResponseOptionsImpl.header(ValidatableResponseOptionsImpl.java:124)
at stepdefinition.Post_NegScenarioAll.user_receives_bad_request_status_code_with_message_and_boolean_success_details(Post_NegScenarioAll.java:140)
at ✽.User receives BadRequest status code with message and boolean success details(file:///Users/surya/eclipse-workspace/LMSRestAssured/src/test/java/features/02Post_NegativeScenarios.feature:42)
]]>
            </full-stacktrace>
          </exception> <!-- java.lang.AssertionError -->
          <reporter-output>
          </reporter-output>
        </test-method> <!-- runScenario -->
        <test-method signature="runScenario(io.cucumber.testng.PickleWrapper,io.cucumber.testng.FeatureWrapper)[pri:0, instance:testrunner.testRunner$TestRunner@795509d9]" started-at="2023-11-29T17:56:00 EST" name="runScenario" description="Runs Cucumber Scenarios" data-provider="scenarios" finished-at="2023-11-29T17:56:05 EST" duration-ms="5437" status="FAIL">
          <params>
            <param index="0">
              <value>
                <![CDATA["check if user able to create a user with existing phone number"]]>
              </value>
            </param>
            <param index="1">
              <value>
                <![CDATA["All Post Negative Scenarios"]]>
              </value>
            </param>
          </params>
          <exception class="java.lang.AssertionError">
            <message>
              <![CDATA[1 expectation failed.
Expected header "Content-Type" was not "application/json", was "text/html; charset=utf-8". Headers are:
Connection=keep-alive
Server=Cowboy
Date=Wed, 29 Nov 2023 22:56:05 GMT
Content-Length=506
Report-To={"group":"heroku-nel","max_age":3600,"endpoints":[{"url":"https://nel.heroku.com/reports?ts=1701298560&sid=1b10b0ff-8a76-4548-befa-353fc6c6c045&s=vOc9wLpLRJRnnaoZX%2F40wxPQd2QSZPthGcdVHs88SIo%3D"}]}
Reporting-Endpoints=heroku-nel=https://nel.heroku.com/reports?ts=1701298560&sid=1b10b0ff-8a76-4548-befa-353fc6c6c045&s=vOc9wLpLRJRnnaoZX%2F40wxPQd2QSZPthGcdVHs88SIo%3D
Nel={"report_to":"heroku-nel","max_age":3600,"success_fraction":0.005,"failure_fraction":0.05,"response_headers":["Via"]}
Content-Type=text/html; charset=utf-8
Cache-Control=no-cache, no-store
]]>
            </message>
            <full-stacktrace>
              <![CDATA[java.lang.AssertionError: 1 expectation failed.
Expected header "Content-Type" was not "application/json", was "text/html; charset=utf-8". Headers are:
Connection=keep-alive
Server=Cowboy
Date=Wed, 29 Nov 2023 22:56:05 GMT
Content-Length=506
Report-To={"group":"heroku-nel","max_age":3600,"endpoints":[{"url":"https://nel.heroku.com/reports?ts=1701298560&sid=1b10b0ff-8a76-4548-befa-353fc6c6c045&s=vOc9wLpLRJRnnaoZX%2F40wxPQd2QSZPthGcdVHs88SIo%3D"}]}
Reporting-Endpoints=heroku-nel=https://nel.heroku.com/reports?ts=1701298560&sid=1b10b0ff-8a76-4548-befa-353fc6c6c045&s=vOc9wLpLRJRnnaoZX%2F40wxPQd2QSZPthGcdVHs88SIo%3D
Nel={"report_to":"heroku-nel","max_age":3600,"success_fraction":0.005,"failure_fraction":0.05,"response_headers":["Via"]}
Content-Type=text/html; charset=utf-8
Cache-Control=no-cache, no-store

at java.base/jdk.internal.reflect.NativeConstructorAccessorImpl.newInstance0(Native Method)
at java.base/jdk.internal.reflect.NativeConstructorAccessorImpl.newInstance(NativeConstructorAccessorImpl.java:77)
at java.base/jdk.internal.reflect.DelegatingConstructorAccessorImpl.newInstance(DelegatingConstructorAccessorImpl.java:45)
at java.base/java.lang.reflect.Constructor.newInstanceWithCaller(Constructor.java:499)
at java.base/java.lang.reflect.Constructor.newInstance(Constructor.java:480)
at org.codehaus.groovy.reflection.CachedConstructor.invoke(CachedConstructor.java:73)
at org.codehaus.groovy.runtime.callsite.ConstructorSite$ConstructorSiteNoUnwrapNoCoerce.callConstructor(ConstructorSite.java:108)
at org.codehaus.groovy.runtime.callsite.AbstractCallSite.callConstructor(AbstractCallSite.java:277)
at io.restassured.internal.ResponseSpecificationImpl$HamcrestAssertionClosure.validate(ResponseSpecificationImpl.groovy:512)
at io.restassured.internal.ResponseSpecificationImpl$HamcrestAssertionClosure$validate$1.call(Unknown Source)
at io.restassured.internal.ResponseSpecificationImpl.validateResponseIfRequired(ResponseSpecificationImpl.groovy:696)
at io.restassured.internal.ResponseSpecificationImpl.this$2$validateResponseIfRequired(ResponseSpecificationImpl.groovy)
at java.base/jdk.internal.reflect.NativeMethodAccessorImpl.invoke0(Native Method)
at java.base/jdk.internal.reflect.NativeMethodAccessorImpl.invoke(NativeMethodAccessorImpl.java:77)
at java.base/jdk.internal.reflect.DelegatingMethodAccessorImpl.invoke(DelegatingMethodAccessorImpl.java:43)
at java.base/java.lang.reflect.Method.invoke(Method.java:568)
at org.codehaus.groovy.runtime.callsite.PlainObjectMetaMethodSite.doInvoke(PlainObjectMetaMethodSite.java:43)
at org.codehaus.groovy.runtime.callsite.PogoMetaMethodSite$PogoCachedMethodSiteNoUnwrapNoCoerce.invoke(PogoMetaMethodSite.java:198)
at org.codehaus.groovy.runtime.callsite.PogoMetaMethodSite.callCurrent(PogoMetaMethodSite.java:62)
at org.codehaus.groovy.runtime.callsite.AbstractCallSite.callCurrent(AbstractCallSite.java:185)
at io.restassured.internal.ResponseSpecificationImpl.header(ResponseSpecificationImpl.groovy:191)
at io.restassured.specification.ResponseSpecification$header$1.callCurrent(Unknown Source)
at io.restassured.internal.ResponseSpecificationImpl.header(ResponseSpecificationImpl.groovy:198)
at io.restassured.internal.ValidatableResponseOptionsImpl.header(ValidatableResponseOptionsImpl.java:124)
at stepdefinition.Post_NegScenarioAll.user_receives_bad_request_status_code_with_message_and_boolean_success_details(Post_NegScenarioAll.java:140)
at ✽.User receives BadRequest status code with message and boolean success details(file:///Users/surya/eclipse-workspace/LMSRestAssured/src/test/java/features/02Post_NegativeScenarios.feature:53)
]]>
            </full-stacktrace>
          </exception> <!-- java.lang.AssertionError -->
          <reporter-output>
          </reporter-output>
        </test-method> <!-- runScenario -->
        <test-method signature="runScenario(io.cucumber.testng.PickleWrapper,io.cucumber.testng.FeatureWrapper)[pri:0, instance:testrunner.testRunner$TestRunner@795509d9]" started-at="2023-11-29T17:56:05 EST" name="runScenario" description="Runs Cucumber Scenarios" data-provider="scenarios" finished-at="2023-11-29T17:56:10 EST" duration-ms="5338" status="FAIL">
          <params>
            <param index="0">
              <value>
                <![CDATA["check if user able to create a program with missing field"]]>
              </value>
            </param>
            <param index="1">
              <value>
                <![CDATA["All Post Negative Scenarios"]]>
              </value>
            </param>
          </params>
          <exception class="java.lang.AssertionError">
            <message>
              <![CDATA[1 expectation failed.
Expected header "Content-Type" was not "application/json", was "text/html; charset=utf-8". Headers are:
Connection=keep-alive
Server=Cowboy
Date=Wed, 29 Nov 2023 22:56:10 GMT
Content-Length=506
Report-To={"group":"heroku-nel","max_age":3600,"endpoints":[{"url":"https://nel.heroku.com/reports?ts=1701298565&sid=1b10b0ff-8a76-4548-befa-353fc6c6c045&s=0fhhNm0EmJObtXFY942YzwxkxNOatLE25zlrKbsLo5w%3D"}]}
Reporting-Endpoints=heroku-nel=https://nel.heroku.com/reports?ts=1701298565&sid=1b10b0ff-8a76-4548-befa-353fc6c6c045&s=0fhhNm0EmJObtXFY942YzwxkxNOatLE25zlrKbsLo5w%3D
Nel={"report_to":"heroku-nel","max_age":3600,"success_fraction":0.005,"failure_fraction":0.05,"response_headers":["Via"]}
Content-Type=text/html; charset=utf-8
Cache-Control=no-cache, no-store
]]>
            </message>
            <full-stacktrace>
              <![CDATA[java.lang.AssertionError: 1 expectation failed.
Expected header "Content-Type" was not "application/json", was "text/html; charset=utf-8". Headers are:
Connection=keep-alive
Server=Cowboy
Date=Wed, 29 Nov 2023 22:56:10 GMT
Content-Length=506
Report-To={"group":"heroku-nel","max_age":3600,"endpoints":[{"url":"https://nel.heroku.com/reports?ts=1701298565&sid=1b10b0ff-8a76-4548-befa-353fc6c6c045&s=0fhhNm0EmJObtXFY942YzwxkxNOatLE25zlrKbsLo5w%3D"}]}
Reporting-Endpoints=heroku-nel=https://nel.heroku.com/reports?ts=1701298565&sid=1b10b0ff-8a76-4548-befa-353fc6c6c045&s=0fhhNm0EmJObtXFY942YzwxkxNOatLE25zlrKbsLo5w%3D
Nel={"report_to":"heroku-nel","max_age":3600,"success_fraction":0.005,"failure_fraction":0.05,"response_headers":["Via"]}
Content-Type=text/html; charset=utf-8
Cache-Control=no-cache, no-store

at java.base/jdk.internal.reflect.NativeConstructorAccessorImpl.newInstance0(Native Method)
at java.base/jdk.internal.reflect.NativeConstructorAccessorImpl.newInstance(NativeConstructorAccessorImpl.java:77)
at java.base/jdk.internal.reflect.DelegatingConstructorAccessorImpl.newInstance(DelegatingConstructorAccessorImpl.java:45)
at java.base/java.lang.reflect.Constructor.newInstanceWithCaller(Constructor.java:499)
at java.base/java.lang.reflect.Constructor.newInstance(Constructor.java:480)
at org.codehaus.groovy.reflection.CachedConstructor.invoke(CachedConstructor.java:73)
at org.codehaus.groovy.runtime.callsite.ConstructorSite$ConstructorSiteNoUnwrapNoCoerce.callConstructor(ConstructorSite.java:108)
at org.codehaus.groovy.runtime.callsite.AbstractCallSite.callConstructor(AbstractCallSite.java:277)
at io.restassured.internal.ResponseSpecificationImpl$HamcrestAssertionClosure.validate(ResponseSpecificationImpl.groovy:512)
at io.restassured.internal.ResponseSpecificationImpl$HamcrestAssertionClosure$validate$1.call(Unknown Source)
at io.restassured.internal.ResponseSpecificationImpl.validateResponseIfRequired(ResponseSpecificationImpl.groovy:696)
at io.restassured.internal.ResponseSpecificationImpl.this$2$validateResponseIfRequired(ResponseSpecificationImpl.groovy)
at java.base/jdk.internal.reflect.NativeMethodAccessorImpl.invoke0(Native Method)
at java.base/jdk.internal.reflect.NativeMethodAccessorImpl.invoke(NativeMethodAccessorImpl.java:77)
at java.base/jdk.internal.reflect.DelegatingMethodAccessorImpl.invoke(DelegatingMethodAccessorImpl.java:43)
at java.base/java.lang.reflect.Method.invoke(Method.java:568)
at org.codehaus.groovy.runtime.callsite.PlainObjectMetaMethodSite.doInvoke(PlainObjectMetaMethodSite.java:43)
at org.codehaus.groovy.runtime.callsite.PogoMetaMethodSite$PogoCachedMethodSiteNoUnwrapNoCoerce.invoke(PogoMetaMethodSite.java:198)
at org.codehaus.groovy.runtime.callsite.PogoMetaMethodSite.callCurrent(PogoMetaMethodSite.java:62)
at org.codehaus.groovy.runtime.callsite.AbstractCallSite.callCurrent(AbstractCallSite.java:185)
at io.restassured.internal.ResponseSpecificationImpl.header(ResponseSpecificationImpl.groovy:191)
at io.restassured.specification.ResponseSpecification$header$1.callCurrent(Unknown Source)
at io.restassured.internal.ResponseSpecificationImpl.header(ResponseSpecificationImpl.groovy:198)
at io.restassured.internal.ValidatableResponseOptionsImpl.header(ValidatableResponseOptionsImpl.java:124)
at stepdefinition.Post_NegScenarioAll.user_receives_bad_request_status_code_with_message_and_boolean_success_details(Post_NegScenarioAll.java:140)
at ✽.User receives BadRequest status code with message and boolean success details(file:///Users/surya/eclipse-workspace/LMSRestAssured/src/test/java/features/02Post_NegativeScenarios.feature:64)
]]>
            </full-stacktrace>
          </exception> <!-- java.lang.AssertionError -->
          <reporter-output>
          </reporter-output>
        </test-method> <!-- runScenario -->
        <test-method signature="runScenario(io.cucumber.testng.PickleWrapper,io.cucumber.testng.FeatureWrapper)[pri:0, instance:testrunner.testRunner$TestRunner@795509d9]" started-at="2023-11-29T17:56:10 EST" name="runScenario" description="Runs Cucumber Scenarios" data-provider="scenarios" finished-at="2023-11-29T17:56:16 EST" duration-ms="5511" status="FAIL">
          <params>
            <param index="0">
              <value>
                <![CDATA["check if user able to create a assignment with existing value"]]>
              </value>
            </param>
            <param index="1">
              <value>
                <![CDATA["All Post Negative Scenarios"]]>
              </value>
            </param>
          </params>
          <exception class="java.lang.AssertionError">
            <message>
              <![CDATA[1 expectation failed.
Expected header "Content-Type" was not "application/json", was "text/html; charset=utf-8". Headers are:
Connection=keep-alive
Server=Cowboy
Date=Wed, 29 Nov 2023 22:56:15 GMT
Content-Length=506
Report-To={"group":"heroku-nel","max_age":3600,"endpoints":[{"url":"https://nel.heroku.com/reports?ts=1701298571&sid=1b10b0ff-8a76-4548-befa-353fc6c6c045&s=wWNJyqFF%2BwiWnaTamzG%2FrF7M520LPvGkAOTTIxVsH88%3D"}]}
Reporting-Endpoints=heroku-nel=https://nel.heroku.com/reports?ts=1701298571&sid=1b10b0ff-8a76-4548-befa-353fc6c6c045&s=wWNJyqFF%2BwiWnaTamzG%2FrF7M520LPvGkAOTTIxVsH88%3D
Nel={"report_to":"heroku-nel","max_age":3600,"success_fraction":0.005,"failure_fraction":0.05,"response_headers":["Via"]}
Content-Type=text/html; charset=utf-8
Cache-Control=no-cache, no-store
]]>
            </message>
            <full-stacktrace>
              <![CDATA[java.lang.AssertionError: 1 expectation failed.
Expected header "Content-Type" was not "application/json", was "text/html; charset=utf-8". Headers are:
Connection=keep-alive
Server=Cowboy
Date=Wed, 29 Nov 2023 22:56:15 GMT
Content-Length=506
Report-To={"group":"heroku-nel","max_age":3600,"endpoints":[{"url":"https://nel.heroku.com/reports?ts=1701298571&sid=1b10b0ff-8a76-4548-befa-353fc6c6c045&s=wWNJyqFF%2BwiWnaTamzG%2FrF7M520LPvGkAOTTIxVsH88%3D"}]}
Reporting-Endpoints=heroku-nel=https://nel.heroku.com/reports?ts=1701298571&sid=1b10b0ff-8a76-4548-befa-353fc6c6c045&s=wWNJyqFF%2BwiWnaTamzG%2FrF7M520LPvGkAOTTIxVsH88%3D
Nel={"report_to":"heroku-nel","max_age":3600,"success_fraction":0.005,"failure_fraction":0.05,"response_headers":["Via"]}
Content-Type=text/html; charset=utf-8
Cache-Control=no-cache, no-store

at java.base/jdk.internal.reflect.NativeConstructorAccessorImpl.newInstance0(Native Method)
at java.base/jdk.internal.reflect.NativeConstructorAccessorImpl.newInstance(NativeConstructorAccessorImpl.java:77)
at java.base/jdk.internal.reflect.DelegatingConstructorAccessorImpl.newInstance(DelegatingConstructorAccessorImpl.java:45)
at java.base/java.lang.reflect.Constructor.newInstanceWithCaller(Constructor.java:499)
at java.base/java.lang.reflect.Constructor.newInstance(Constructor.java:480)
at org.codehaus.groovy.reflection.CachedConstructor.invoke(CachedConstructor.java:73)
at org.codehaus.groovy.runtime.callsite.ConstructorSite$ConstructorSiteNoUnwrapNoCoerce.callConstructor(ConstructorSite.java:108)
at org.codehaus.groovy.runtime.callsite.AbstractCallSite.callConstructor(AbstractCallSite.java:277)
at io.restassured.internal.ResponseSpecificationImpl$HamcrestAssertionClosure.validate(ResponseSpecificationImpl.groovy:512)
at io.restassured.internal.ResponseSpecificationImpl$HamcrestAssertionClosure$validate$1.call(Unknown Source)
at io.restassured.internal.ResponseSpecificationImpl.validateResponseIfRequired(ResponseSpecificationImpl.groovy:696)
at io.restassured.internal.ResponseSpecificationImpl.this$2$validateResponseIfRequired(ResponseSpecificationImpl.groovy)
at jdk.internal.reflect.GeneratedMethodAccessor219.invoke(Unknown Source)
at java.base/jdk.internal.reflect.DelegatingMethodAccessorImpl.invoke(DelegatingMethodAccessorImpl.java:43)
at java.base/java.lang.reflect.Method.invoke(Method.java:568)
at org.codehaus.groovy.runtime.callsite.PlainObjectMetaMethodSite.doInvoke(PlainObjectMetaMethodSite.java:43)
at org.codehaus.groovy.runtime.callsite.PogoMetaMethodSite$PogoCachedMethodSiteNoUnwrapNoCoerce.invoke(PogoMetaMethodSite.java:198)
at org.codehaus.groovy.runtime.callsite.PogoMetaMethodSite.callCurrent(PogoMetaMethodSite.java:62)
at org.codehaus.groovy.runtime.callsite.AbstractCallSite.callCurrent(AbstractCallSite.java:185)
at io.restassured.internal.ResponseSpecificationImpl.header(ResponseSpecificationImpl.groovy:191)
at io.restassured.specification.ResponseSpecification$header$1.callCurrent(Unknown Source)
at io.restassured.internal.ResponseSpecificationImpl.header(ResponseSpecificationImpl.groovy:198)
at io.restassured.internal.ValidatableResponseOptionsImpl.header(ValidatableResponseOptionsImpl.java:124)
at stepdefinition.Post_NegScenarioAll.user_receives_bad_request_status_code_with_message_and_boolean_success_details(Post_NegScenarioAll.java:140)
at ✽.User receives BadRequest status code with message and boolean success details(file:///Users/surya/eclipse-workspace/LMSRestAssured/src/test/java/features/02Post_NegativeScenarios.feature:75)
]]>
            </full-stacktrace>
          </exception> <!-- java.lang.AssertionError -->
          <reporter-output>
          </reporter-output>
        </test-method> <!-- runScenario -->
        <test-method signature="runScenario(io.cucumber.testng.PickleWrapper,io.cucumber.testng.FeatureWrapper)[pri:0, instance:testrunner.testRunner$TestRunner@795509d9]" started-at="2023-11-29T17:56:16 EST" name="runScenario" description="Runs Cucumber Scenarios" data-provider="scenarios" finished-at="2023-11-29T17:56:21 EST" duration-ms="5401" status="FAIL">
          <params>
            <param index="0">
              <value>
                <![CDATA["check if user able to create a assignment with missing field"]]>
              </value>
            </param>
            <param index="1">
              <value>
                <![CDATA["All Post Negative Scenarios"]]>
              </value>
            </param>
          </params>
          <exception class="java.lang.AssertionError">
            <message>
              <![CDATA[1 expectation failed.
Expected header "Content-Type" was not "application/json", was "text/html; charset=utf-8". Headers are:
Connection=keep-alive
Server=Cowboy
Date=Wed, 29 Nov 2023 22:56:21 GMT
Content-Length=506
Report-To={"group":"heroku-nel","max_age":3600,"endpoints":[{"url":"https://nel.heroku.com/reports?ts=1701298576&sid=1b10b0ff-8a76-4548-befa-353fc6c6c045&s=OS6vt9MsR6ULmTnJVkoNpirQU6DBJkUeLbKIgX68Oz0%3D"}]}
Reporting-Endpoints=heroku-nel=https://nel.heroku.com/reports?ts=1701298576&sid=1b10b0ff-8a76-4548-befa-353fc6c6c045&s=OS6vt9MsR6ULmTnJVkoNpirQU6DBJkUeLbKIgX68Oz0%3D
Nel={"report_to":"heroku-nel","max_age":3600,"success_fraction":0.005,"failure_fraction":0.05,"response_headers":["Via"]}
Content-Type=text/html; charset=utf-8
Cache-Control=no-cache, no-store
]]>
            </message>
            <full-stacktrace>
              <![CDATA[java.lang.AssertionError: 1 expectation failed.
Expected header "Content-Type" was not "application/json", was "text/html; charset=utf-8". Headers are:
Connection=keep-alive
Server=Cowboy
Date=Wed, 29 Nov 2023 22:56:21 GMT
Content-Length=506
Report-To={"group":"heroku-nel","max_age":3600,"endpoints":[{"url":"https://nel.heroku.com/reports?ts=1701298576&sid=1b10b0ff-8a76-4548-befa-353fc6c6c045&s=OS6vt9MsR6ULmTnJVkoNpirQU6DBJkUeLbKIgX68Oz0%3D"}]}
Reporting-Endpoints=heroku-nel=https://nel.heroku.com/reports?ts=1701298576&sid=1b10b0ff-8a76-4548-befa-353fc6c6c045&s=OS6vt9MsR6ULmTnJVkoNpirQU6DBJkUeLbKIgX68Oz0%3D
Nel={"report_to":"heroku-nel","max_age":3600,"success_fraction":0.005,"failure_fraction":0.05,"response_headers":["Via"]}
Content-Type=text/html; charset=utf-8
Cache-Control=no-cache, no-store

at java.base/jdk.internal.reflect.NativeConstructorAccessorImpl.newInstance0(Native Method)
at java.base/jdk.internal.reflect.NativeConstructorAccessorImpl.newInstance(NativeConstructorAccessorImpl.java:77)
at java.base/jdk.internal.reflect.DelegatingConstructorAccessorImpl.newInstance(DelegatingConstructorAccessorImpl.java:45)
at java.base/java.lang.reflect.Constructor.newInstanceWithCaller(Constructor.java:499)
at java.base/java.lang.reflect.Constructor.newInstance(Constructor.java:480)
at org.codehaus.groovy.reflection.CachedConstructor.invoke(CachedConstructor.java:73)
at org.codehaus.groovy.runtime.callsite.ConstructorSite$ConstructorSiteNoUnwrapNoCoerce.callConstructor(ConstructorSite.java:108)
at org.codehaus.groovy.runtime.callsite.AbstractCallSite.callConstructor(AbstractCallSite.java:277)
at io.restassured.internal.ResponseSpecificationImpl$HamcrestAssertionClosure.validate(ResponseSpecificationImpl.groovy:512)
at io.restassured.internal.ResponseSpecificationImpl$HamcrestAssertionClosure$validate$1.call(Unknown Source)
at io.restassured.internal.ResponseSpecificationImpl.validateResponseIfRequired(ResponseSpecificationImpl.groovy:696)
at io.restassured.internal.ResponseSpecificationImpl.this$2$validateResponseIfRequired(ResponseSpecificationImpl.groovy)
at jdk.internal.reflect.GeneratedMethodAccessor219.invoke(Unknown Source)
at java.base/jdk.internal.reflect.DelegatingMethodAccessorImpl.invoke(DelegatingMethodAccessorImpl.java:43)
at java.base/java.lang.reflect.Method.invoke(Method.java:568)
at org.codehaus.groovy.runtime.callsite.PlainObjectMetaMethodSite.doInvoke(PlainObjectMetaMethodSite.java:43)
at org.codehaus.groovy.runtime.callsite.PogoMetaMethodSite$PogoCachedMethodSiteNoUnwrapNoCoerce.invoke(PogoMetaMethodSite.java:198)
at org.codehaus.groovy.runtime.callsite.PogoMetaMethodSite.callCurrent(PogoMetaMethodSite.java:62)
at org.codehaus.groovy.runtime.callsite.AbstractCallSite.callCurrent(AbstractCallSite.java:185)
at io.restassured.internal.ResponseSpecificationImpl.header(ResponseSpecificationImpl.groovy:191)
at io.restassured.specification.ResponseSpecification$header$1.callCurrent(Unknown Source)
at io.restassured.internal.ResponseSpecificationImpl.header(ResponseSpecificationImpl.groovy:198)
at io.restassured.internal.ValidatableResponseOptionsImpl.header(ValidatableResponseOptionsImpl.java:124)
at stepdefinition.Post_NegScenarioAll.user_receives_bad_request_status_code_with_message_and_boolean_success_details(Post_NegScenarioAll.java:140)
at ✽.User receives BadRequest status code with message and boolean success details(file:///Users/surya/eclipse-workspace/LMSRestAssured/src/test/java/features/02Post_NegativeScenarios.feature:85)
]]>
            </full-stacktrace>
          </exception> <!-- java.lang.AssertionError -->
          <reporter-output>
          </reporter-output>
        </test-method> <!-- runScenario -->
        <test-method signature="runScenario(io.cucumber.testng.PickleWrapper,io.cucumber.testng.FeatureWrapper)[pri:0, instance:testrunner.testRunner$TestRunner@795509d9]" started-at="2023-11-29T17:56:21 EST" name="runScenario" description="Runs Cucumber Scenarios" data-provider="scenarios" finished-at="2023-11-29T17:56:27 EST" duration-ms="5764" status="FAIL">
          <params>
            <param index="0">
              <value>
                <![CDATA["check if user able to submit Assignment with existing value"]]>
              </value>
            </param>
            <param index="1">
              <value>
                <![CDATA["All Post Negative Scenarios"]]>
              </value>
            </param>
          </params>
          <exception class="java.lang.AssertionError">
            <message>
              <![CDATA[1 expectation failed.
Expected header "Content-Type" was not "application/json", was "text/html; charset=utf-8". Headers are:
Connection=keep-alive
Server=Cowboy
Date=Wed, 29 Nov 2023 22:56:26 GMT
Content-Length=506
Report-To={"group":"heroku-nel","max_age":3600,"endpoints":[{"url":"https://nel.heroku.com/reports?ts=1701298582&sid=1b10b0ff-8a76-4548-befa-353fc6c6c045&s=0pEHsKr96ifL5gFhbBJhXsp5lyeykj9ra%2Bm8yivaFkE%3D"}]}
Reporting-Endpoints=heroku-nel=https://nel.heroku.com/reports?ts=1701298582&sid=1b10b0ff-8a76-4548-befa-353fc6c6c045&s=0pEHsKr96ifL5gFhbBJhXsp5lyeykj9ra%2Bm8yivaFkE%3D
Nel={"report_to":"heroku-nel","max_age":3600,"success_fraction":0.005,"failure_fraction":0.05,"response_headers":["Via"]}
Content-Type=text/html; charset=utf-8
Cache-Control=no-cache, no-store
]]>
            </message>
            <full-stacktrace>
              <![CDATA[java.lang.AssertionError: 1 expectation failed.
Expected header "Content-Type" was not "application/json", was "text/html; charset=utf-8". Headers are:
Connection=keep-alive
Server=Cowboy
Date=Wed, 29 Nov 2023 22:56:26 GMT
Content-Length=506
Report-To={"group":"heroku-nel","max_age":3600,"endpoints":[{"url":"https://nel.heroku.com/reports?ts=1701298582&sid=1b10b0ff-8a76-4548-befa-353fc6c6c045&s=0pEHsKr96ifL5gFhbBJhXsp5lyeykj9ra%2Bm8yivaFkE%3D"}]}
Reporting-Endpoints=heroku-nel=https://nel.heroku.com/reports?ts=1701298582&sid=1b10b0ff-8a76-4548-befa-353fc6c6c045&s=0pEHsKr96ifL5gFhbBJhXsp5lyeykj9ra%2Bm8yivaFkE%3D
Nel={"report_to":"heroku-nel","max_age":3600,"success_fraction":0.005,"failure_fraction":0.05,"response_headers":["Via"]}
Content-Type=text/html; charset=utf-8
Cache-Control=no-cache, no-store

at java.base/jdk.internal.reflect.NativeConstructorAccessorImpl.newInstance0(Native Method)
at java.base/jdk.internal.reflect.NativeConstructorAccessorImpl.newInstance(NativeConstructorAccessorImpl.java:77)
at java.base/jdk.internal.reflect.DelegatingConstructorAccessorImpl.newInstance(DelegatingConstructorAccessorImpl.java:45)
at java.base/java.lang.reflect.Constructor.newInstanceWithCaller(Constructor.java:499)
at java.base/java.lang.reflect.Constructor.newInstance(Constructor.java:480)
at org.codehaus.groovy.reflection.CachedConstructor.invoke(CachedConstructor.java:73)
at org.codehaus.groovy.runtime.callsite.ConstructorSite$ConstructorSiteNoUnwrapNoCoerce.callConstructor(ConstructorSite.java:108)
at org.codehaus.groovy.runtime.callsite.AbstractCallSite.callConstructor(AbstractCallSite.java:277)
at io.restassured.internal.ResponseSpecificationImpl$HamcrestAssertionClosure.validate(ResponseSpecificationImpl.groovy:512)
at io.restassured.internal.ResponseSpecificationImpl$HamcrestAssertionClosure$validate$1.call(Unknown Source)
at io.restassured.internal.ResponseSpecificationImpl.validateResponseIfRequired(ResponseSpecificationImpl.groovy:696)
at io.restassured.internal.ResponseSpecificationImpl.this$2$validateResponseIfRequired(ResponseSpecificationImpl.groovy)
at jdk.internal.reflect.GeneratedMethodAccessor219.invoke(Unknown Source)
at java.base/jdk.internal.reflect.DelegatingMethodAccessorImpl.invoke(DelegatingMethodAccessorImpl.java:43)
at java.base/java.lang.reflect.Method.invoke(Method.java:568)
at org.codehaus.groovy.runtime.callsite.PlainObjectMetaMethodSite.doInvoke(PlainObjectMetaMethodSite.java:43)
at org.codehaus.groovy.runtime.callsite.PogoMetaMethodSite$PogoCachedMethodSiteNoUnwrapNoCoerce.invoke(PogoMetaMethodSite.java:198)
at org.codehaus.groovy.runtime.callsite.PogoMetaMethodSite.callCurrent(PogoMetaMethodSite.java:62)
at org.codehaus.groovy.runtime.callsite.AbstractCallSite.callCurrent(AbstractCallSite.java:185)
at io.restassured.internal.ResponseSpecificationImpl.header(ResponseSpecificationImpl.groovy:191)
at io.restassured.specification.ResponseSpecification$header$1.callCurrent(Unknown Source)
at io.restassured.internal.ResponseSpecificationImpl.header(ResponseSpecificationImpl.groovy:198)
at io.restassured.internal.ValidatableResponseOptionsImpl.header(ValidatableResponseOptionsImpl.java:124)
at stepdefinition.Post_NegScenarioAll.user_receives_bad_request_status_code_with_message_and_boolean_success_details(Post_NegScenarioAll.java:140)
at ✽.User receives BadRequest status code with message and boolean success details(file:///Users/surya/eclipse-workspace/LMSRestAssured/src/test/java/features/02Post_NegativeScenarios.feature:95)
]]>
            </full-stacktrace>
          </exception> <!-- java.lang.AssertionError -->
          <reporter-output>
          </reporter-output>
        </test-method> <!-- runScenario -->
        <test-method signature="runScenario(io.cucumber.testng.PickleWrapper,io.cucumber.testng.FeatureWrapper)[pri:0, instance:testrunner.testRunner$TestRunner@795509d9]" started-at="2023-11-29T17:56:27 EST" name="runScenario" description="Runs Cucumber Scenarios" data-provider="scenarios" finished-at="2023-11-29T17:56:33 EST" duration-ms="5703" status="FAIL">
          <params>
            <param index="0">
              <value>
                <![CDATA["check if user able to create a assignment with missing field"]]>
              </value>
            </param>
            <param index="1">
              <value>
                <![CDATA["All Post Negative Scenarios"]]>
              </value>
            </param>
          </params>
          <exception class="java.lang.AssertionError">
            <message>
              <![CDATA[1 expectation failed.
[...]
Connection=keep-alive
Server=Cowboy
Date=Wed, 29 Nov 2023 23:02:34 GMT
Content-Length=506
Report-To={"group":"heroku-nel","max_age":3600,"endpoints":[{"url":"https://nel.heroku.com/reports?ts=1701298950&sid=1b10b0ff-8a76-4548-befa-353fc6c6c045&s=ICIBuF%2BnYyUUAwuZNUUmgyWbRjcT9RHEUHtV2mBcOkQ%3D"}]}
Reporting-Endpoints=heroku-nel=https://nel.heroku.com/reports?ts=1701298950&sid=1b10b0ff-8a76-4548-befa-353fc6c6c045&s=ICIBuF%2BnYyUUAwuZNUUmgyWbRjcT9RHEUHtV2mBcOkQ%3D
Nel={"report_to":"heroku-nel","max_age":3600,"success_fraction":0.005,"failure_fraction":0.05,"response_headers":["Via"]}
Content-Type=text/html; charset=utf-8
Cache-Control=no-cache, no-store

at java.base/jdk.internal.reflect.GeneratedConstructorAccessor92.newInstance(Unknown Source)
at java.base/jdk.internal.reflect.DelegatingConstructorAccessorImpl.newInstance(DelegatingConstructorAccessorImpl.java:45)
at java.base/java.lang.reflect.Constructor.newInstanceWithCaller(Constructor.java:499)
at java.base/java.lang.reflect.Constructor.newInstance(Constructor.java:480)
at org.codehaus.groovy.reflection.CachedConstructor.invoke(CachedConstructor.java:73)
at org.codehaus.groovy.runtime.callsite.ConstructorSite$ConstructorSiteNoUnwrapNoCoerce.callConstructor(ConstructorSite.java:108)
at org.codehaus.groovy.runtime.callsite.AbstractCallSite.callConstructor(AbstractCallSite.java:277)
at io.restassured.internal.ResponseSpecificationImpl$HamcrestAssertionClosure.validate(ResponseSpecificationImpl.groovy:512)
at io.restassured.internal.ResponseSpecificationImpl$HamcrestAssertionClosure$validate$1.call(Unknown Source)
at io.restassured.internal.ResponseSpecificationImpl.validateResponseIfRequired(ResponseSpecificationImpl.groovy:696)
at io.restassured.internal.ResponseSpecificationImpl.this$2$validateResponseIfRequired(ResponseSpecificationImpl.groovy)
at jdk.internal.reflect.GeneratedMethodAccessor219.invoke(Unknown Source)
at java.base/jdk.internal.reflect.DelegatingMethodAccessorImpl.invoke(DelegatingMethodAccessorImpl.java:43)
at java.base/java.lang.reflect.Method.invoke(Method.java:568)
at org.codehaus.groovy.runtime.callsite.PlainObjectMetaMethodSite.doInvoke(PlainObjectMetaMethodSite.java:43)
at org.codehaus.groovy.runtime.callsite.PogoMetaMethodSite$PogoCachedMethodSiteNoUnwrapNoCoerce.invoke(PogoMetaMethodSite.java:198)
at org.codehaus.groovy.runtime.callsite.PogoMetaMethodSite.callCurrent(PogoMetaMethodSite.java:62)
at org.codehaus.groovy.runtime.callsite.AbstractCallSite.callCurrent(AbstractCallSite.java:185)
at io.restassured.internal.ResponseSpecificationImpl.header(ResponseSpecificationImpl.groovy:191)
at io.restassured.specification.ResponseSpecification$header$1.callCurrent(Unknown Source)
at io.restassured.internal.ResponseSpecificationImpl.header(ResponseSpecificationImpl.groovy:198)
at io.restassured.internal.ValidatableResponseOptionsImpl.header(ValidatableResponseOptionsImpl.java:124)
at stepdefinition.AllPut_NegativeSteps.user_receives_404NotFound_status_code_with_message_and_boolean_success_details(AllPut_NegativeSteps.java:123)
at ✽.User receives 404NotFound status code with message and boolean success details(file:///Users/surya/eclipse-workspace/LMSRestAssured/src/test/java/features/AllPutRequest_negative.feature:59)
]]>
            </full-stacktrace>
          </exception> <!-- java.lang.AssertionError -->
          <reporter-output>
          </reporter-output>
        </test-method> <!-- runScenario -->
        <test-method signature="runScenario(io.cucumber.testng.PickleWrapper,io.cucumber.testng.FeatureWrapper)[pri:0, instance:testrunner.testRunner$TestRunner@795509d9]" started-at="2023-11-29T18:02:35 EST" name="runScenario" description="Runs Cucumber Scenarios" data-provider="scenarios" finished-at="2023-11-29T18:02:41 EST" duration-ms="5447" status="FAIL">
          <params>
            <param index="0">
              <value>
                <![CDATA["Check if user able to update a Assignment with invalid AssignmentId and request body"]]>
              </value>
            </param>
            <param index="1">
              <value>
                <![CDATA["Put  Negative Scenarios"]]>
              </value>
            </param>
          </params>
          <exception class="java.lang.AssertionError">
            <message>
              <![CDATA[1 expectation failed.
Expected header "Content-Type" was not "application/json", was "text/html; charset=utf-8". Headers are:
Connection=keep-alive
Server=Cowboy
Date=Wed, 29 Nov 2023 23:02:40 GMT
Content-Length=506
Report-To={"group":"heroku-nel","max_age":3600,"endpoints":[{"url":"https://nel.heroku.com/reports?ts=1701298956&sid=1b10b0ff-8a76-4548-befa-353fc6c6c045&s=cttcJDRvZ2I%2FYGpRqBvuykA%2F6viLMXN0yyPzXpM5wm0%3D"}]}
Reporting-Endpoints=heroku-nel=https://nel.heroku.com/reports?ts=1701298956&sid=1b10b0ff-8a76-4548-befa-353fc6c6c045&s=cttcJDRvZ2I%2FYGpRqBvuykA%2F6viLMXN0yyPzXpM5wm0%3D
Nel={"report_to":"heroku-nel","max_age":3600,"success_fraction":0.005,"failure_fraction":0.05,"response_headers":["Via"]}
Content-Type=text/html; charset=utf-8
Cache-Control=no-cache, no-store
]]>
            </message>
            <full-stacktrace>
              <![CDATA[java.lang.AssertionError: 1 expectation failed.
Expected header "Content-Type" was not "application/json", was "text/html; charset=utf-8". Headers are:
Connection=keep-alive
Server=Cowboy
Date=Wed, 29 Nov 2023 23:02:40 GMT
Content-Length=506
Report-To={"group":"heroku-nel","max_age":3600,"endpoints":[{"url":"https://nel.heroku.com/reports?ts=1701298956&sid=1b10b0ff-8a76-4548-befa-353fc6c6c045&s=cttcJDRvZ2I%2FYGpRqBvuykA%2F6viLMXN0yyPzXpM5wm0%3D"}]}
Reporting-Endpoints=heroku-nel=https://nel.heroku.com/reports?ts=1701298956&sid=1b10b0ff-8a76-4548-befa-353fc6c6c045&s=cttcJDRvZ2I%2FYGpRqBvuykA%2F6viLMXN0yyPzXpM5wm0%3D
Nel={"report_to":"heroku-nel","max_age":3600,"success_fraction":0.005,"failure_fraction":0.05,"response_headers":["Via"]}
Content-Type=text/html; charset=utf-8
Cache-Control=no-cache, no-store

at java.base/jdk.internal.reflect.GeneratedConstructorAccessor92.newInstance(Unknown Source)
at java.base/jdk.internal.reflect.DelegatingConstructorAccessorImpl.newInstance(DelegatingConstructorAccessorImpl.java:45)
at java.base/java.lang.reflect.Constructor.newInstanceWithCaller(Constructor.java:499)
at java.base/java.lang.reflect.Constructor.newInstance(Constructor.java:480)
at org.codehaus.groovy.reflection.CachedConstructor.invoke(CachedConstructor.java:73)
at org.codehaus.groovy.runtime.callsite.ConstructorSite$ConstructorSiteNoUnwrapNoCoerce.callConstructor(ConstructorSite.java:108)
at org.codehaus.groovy.runtime.callsite.AbstractCallSite.callConstructor(AbstractCallSite.java:277)
at io.restassured.internal.ResponseSpecificationImpl$HamcrestAssertionClosure.validate(ResponseSpecificationImpl.groovy:512)
at io.restassured.internal.ResponseSpecificationImpl$HamcrestAssertionClosure$validate$1.call(Unknown Source)
at io.restassured.internal.ResponseSpecificationImpl.validateResponseIfRequired(ResponseSpecificationImpl.groovy:696)
at io.restassured.internal.ResponseSpecificationImpl.this$2$validateResponseIfRequired(ResponseSpecificationImpl.groovy)
at jdk.internal.reflect.GeneratedMethodAccessor219.invoke(Unknown Source)
at java.base/jdk.internal.reflect.DelegatingMethodAccessorImpl.invoke(DelegatingMethodAccessorImpl.java:43)
at java.base/java.lang.reflect.Method.invoke(Method.java:568)
at org.codehaus.groovy.runtime.callsite.PlainObjectMetaMethodSite.doInvoke(PlainObjectMetaMethodSite.java:43)
at org.codehaus.groovy.runtime.callsite.PogoMetaMethodSite$PogoCachedMethodSiteNoUnwrapNoCoerce.invoke(PogoMetaMethodSite.java:198)
at org.codehaus.groovy.runtime.callsite.PogoMetaMethodSite.callCurrent(PogoMetaMethodSite.java:62)
at org.codehaus.groovy.runtime.callsite.AbstractCallSite.callCurrent(AbstractCallSite.java:185)
at io.restassured.internal.ResponseSpecificationImpl.header(ResponseSpecificationImpl.groovy:191)
at io.restassured.specification.ResponseSpecification$header$1.callCurrent(Unknown Source)
at io.restassured.internal.ResponseSpecificationImpl.header(ResponseSpecificationImpl.groovy:198)
at io.restassured.internal.ValidatableResponseOptionsImpl.header(ValidatableResponseOptionsImpl.java:124)
at stepdefinition.AllPut_NegativeSteps.user_receives_404NotFound_status_code_with_message_and_boolean_success_details(AllPut_NegativeSteps.java:123)
at ✽.User receives 404NotFound status code with message and boolean success details(file:///Users/surya/eclipse-workspace/LMSRestAssured/src/test/java/features/AllPutRequest_negative.feature:71)
]]>
            </full-stacktrace>
          </exception> <!-- java.lang.AssertionError -->
          <reporter-output>
          </reporter-output>
        </test-method> <!-- runScenario -->
        <test-method signature="runScenario(io.cucumber.testng.PickleWrapper,io.cucumber.testng.FeatureWrapper)[pri:0, instance:testrunner.testRunner$TestRunner@795509d9]" started-at="2023-11-29T18:02:41 EST" name="runScenario" description="Runs Cucumber Scenarios" data-provider="scenarios" finished-at="2023-11-29T18:02:46 EST" duration-ms="5429" status="FAIL">
          <params>
            <param index="0">
              <value>
                <![CDATA["Check if user able to update a submission with invalid submission Id and request body"]]>
              </value>
            </param>
            <param index="1">
              <value>
                <![CDATA["Put  Negative Scenarios"]]>
              </value>
            </param>
          </params>
          <exception class="java.lang.AssertionError">
            <message>
              <![CDATA[1 expectation failed.
Expected header "Content-Type" was not "application/json", was "text/html; charset=utf-8". Headers are:
Connection=keep-alive
Server=Cowboy
Date=Wed, 29 Nov 2023 23:02:45 GMT
Content-Length=506
Report-To={"group":"heroku-nel","max_age":3600,"endpoints":[{"url":"https://nel.heroku.com/reports?ts=1701298961&sid=1b10b0ff-8a76-4548-befa-353fc6c6c045&s=290IrbJ1Wgho5ANXKv85ltNWndAoDQhWbJiaAGv3uyY%3D"}]}
Reporting-Endpoints=heroku-nel=https://nel.heroku.com/reports?ts=1701298961&sid=1b10b0ff-8a76-4548-befa-353fc6c6c045&s=290IrbJ1Wgho5ANXKv85ltNWndAoDQhWbJiaAGv3uyY%3D
Nel={"report_to":"heroku-nel","max_age":3600,"success_fraction":0.005,"failure_fraction":0.05,"response_headers":["Via"]}
Content-Type=text/html; charset=utf-8
Cache-Control=no-cache, no-store
]]>
            </message>
            <full-stacktrace>
              <![CDATA[java.lang.AssertionError: 1 expectation failed.
Expected header "Content-Type" was not "application/json", was "text/html; charset=utf-8". Headers are:
Connection=keep-alive
Server=Cowboy
Date=Wed, 29 Nov 2023 23:02:45 GMT
Content-Length=506
Report-To={"group":"heroku-nel","max_age":3600,"endpoints":[{"url":"https://nel.heroku.com/reports?ts=1701298961&sid=1b10b0ff-8a76-4548-befa-353fc6c6c045&s=290IrbJ1Wgho5ANXKv85ltNWndAoDQhWbJiaAGv3uyY%3D"}]}
Reporting-Endpoints=heroku-nel=https://nel.heroku.com/reports?ts=1701298961&sid=1b10b0ff-8a76-4548-befa-353fc6c6c045&s=290IrbJ1Wgho5ANXKv85ltNWndAoDQhWbJiaAGv3uyY%3D
Nel={"report_to":"heroku-nel","max_age":3600,"success_fraction":0.005,"failure_fraction":0.05,"response_headers":["Via"]}
Content-Type=text/html; charset=utf-8
Cache-Control=no-cache, no-store

at java.base/jdk.internal.reflect.GeneratedConstructorAccessor92.newInstance(Unknown Source)
at java.base/jdk.internal.reflect.DelegatingConstructorAccessorImpl.newInstance(DelegatingConstructorAccessorImpl.java:45)
at java.base/java.lang.reflect.Constructor.newInstanceWithCaller(Constructor.java:499)
at java.base/java.lang.reflect.Constructor.newInstance(Constructor.java:480)
at org.codehaus.groovy.reflection.CachedConstructor.invoke(CachedConstructor.java:73)
at org.codehaus.groovy.runtime.callsite.ConstructorSite$ConstructorSiteNoUnwrapNoCoerce.callConstructor(ConstructorSite.java:108)
at org.codehaus.groovy.runtime.callsite.AbstractCallSite.callConstructor(AbstractCallSite.java:277)
at io.restassured.internal.ResponseSpecificationImpl$HamcrestAssertionClosure.validate(ResponseSpecificationImpl.groovy:512)
at io.restassured.internal.ResponseSpecificationImpl$HamcrestAssertionClosure$validate$1.call(Unknown Source)
at io.restassured.internal.ResponseSpecificationImpl.validateResponseIfRequired(ResponseSpecificationImpl.groovy:696)
at io.restassured.internal.ResponseSpecificationImpl.this$2$validateResponseIfRequired(ResponseSpecificationImpl.groovy)
at jdk.internal.reflect.GeneratedMethodAccessor219.invoke(Unknown Source)
at java.base/jdk.internal.reflect.DelegatingMethodAccessorImpl.invoke(DelegatingMethodAccessorImpl.java:43)
at java.base/java.lang.reflect.Method.invoke(Method.java:568)
at org.codehaus.groovy.runtime.callsite.PlainObjectMetaMethodSite.doInvoke(PlainObjectMetaMethodSite.java:43)
at org.codehaus.groovy.runtime.callsite.PogoMetaMethodSite$PogoCachedMethodSiteNoUnwrapNoCoerce.invoke(PogoMetaMethodSite.java:198)
at org.codehaus.groovy.runtime.callsite.PogoMetaMethodSite.callCurrent(PogoMetaMethodSite.java:62)
at org.codehaus.groovy.runtime.callsite.AbstractCallSite.callCurrent(AbstractCallSite.java:185)
at io.restassured.internal.ResponseSpecificationImpl.header(ResponseSpecificationImpl.groovy:191)
at io.restassured.specification.ResponseSpecification$header$1.callCurrent(Unknown Source)
at io.restassured.internal.ResponseSpecificationImpl.header(ResponseSpecificationImpl.groovy:198)
at io.restassured.internal.ValidatableResponseOptionsImpl.header(ValidatableResponseOptionsImpl.java:124)
at stepdefinition.AllPut_NegativeSteps.user_receives_404NotFound_status_code_with_message_and_boolean_success_details(AllPut_NegativeSteps.java:123)
at ✽.User receives 404NotFound status code with message and boolean success details(file:///Users/surya/eclipse-workspace/LMSRestAssured/src/test/java/features/AllPutRequest_negative.feature:81)
]]>
            </full-stacktrace>
          </exception> <!-- java.lang.AssertionError -->
          <reporter-output>
          </reporter-output>
        </test-method> <!-- runScenario -->
        <test-method signature="runScenario(io.cucumber.testng.PickleWrapper,io.cucumber.testng.FeatureWrapper)[pri:0, instance:testrunner.testRunner$TestRunner@795509d9]" started-at="2023-11-29T18:02:46 EST" name="runScenario" description="Runs Cucumber Scenarios" data-provider="scenarios" finished-at="2023-11-29T18:02:51 EST" duration-ms="5328" status="FAIL">
          <params>
            <param index="0">
              <value>
                <![CDATA["Check if user able to update a grades with invalid submission Id and request body"]]>
              </value>
            </param>
            <param index="1">
              <value>
                <![CDATA["Put  Negative Scenarios"]]>
              </value>
            </param>
          </params>
          <exception class="java.lang.AssertionError">
            <message>
              <![CDATA[1 expectation failed.
Expected header "Content-Type" was not "application/json", was "text/html; charset=utf-8". Headers are:
Connection=keep-alive
Server=Cowboy
Date=Wed, 29 Nov 2023 23:02:51 GMT
Content-Length=506
Report-To={"group":"heroku-nel","max_age":3600,"endpoints":[{"url":"https://nel.heroku.com/reports?ts=1701298966&sid=1b10b0ff-8a76-4548-befa-353fc6c6c045&s=KOi7Kl2ng0LvhFalh%2BmB44ZIqk5WF23DIHnVmsgL2O8%3D"}]}
Reporting-Endpoints=heroku-nel=https://nel.heroku.com/reports?ts=1701298966&sid=1b10b0ff-8a76-4548-befa-353fc6c6c045&s=KOi7Kl2ng0LvhFalh%2BmB44ZIqk5WF23DIHnVmsgL2O8%3D
Nel={"report_to":"heroku-nel","max_age":3600,"success_fraction":0.005,"failure_fraction":0.05,"response_headers":["Via"]}
Content-Type=text/html; charset=utf-8
Cache-Control=no-cache, no-store
]]>
            </message>
            <full-stacktrace>
              <![CDATA[java.lang.AssertionError: 1 expectation failed.
Expected header "Content-Type" was not "application/json", was "text/html; charset=utf-8". Headers are:
Connection=keep-alive
Server=Cowboy
Date=Wed, 29 Nov 2023 23:02:51 GMT
Content-Length=506
Report-To={"group":"heroku-nel","max_age":3600,"endpoints":[{"url":"https://nel.heroku.com/reports?ts=1701298966&sid=1b10b0ff-8a76-4548-befa-353fc6c6c045&s=KOi7Kl2ng0LvhFalh%2BmB44ZIqk5WF23DIHnVmsgL2O8%3D"}]}
Reporting-Endpoints=heroku-nel=https://nel.heroku.com/reports?ts=1701298966&sid=1b10b0ff-8a76-4548-befa-353fc6c6c045&s=KOi7Kl2ng0LvhFalh%2BmB44ZIqk5WF23DIHnVmsgL2O8%3D
Nel={"report_to":"heroku-nel","max_age":3600,"success_fraction":0.005,"failure_fraction":0.05,"response_headers":["Via"]}
Content-Type=text/html; charset=utf-8
Cache-Control=no-cache, no-store

at java.base/jdk.internal.reflect.GeneratedConstructorAccessor92.newInstance(Unknown Source)
at java.base/jdk.internal.reflect.DelegatingConstructorAccessorImpl.newInstance(DelegatingConstructorAccessorImpl.java:45)
at java.base/java.lang.reflect.Constructor.newInstanceWithCaller(Constructor.java:499)
at java.base/java.lang.reflect.Constructor.newInstance(Constructor.java:480)
at org.codehaus.groovy.reflection.CachedConstructor.invoke(CachedConstructor.java:73)
at org.codehaus.groovy.runtime.callsite.ConstructorSite$ConstructorSiteNoUnwrapNoCoerce.callConstructor(ConstructorSite.java:108)
at org.codehaus.groovy.runtime.callsite.AbstractCallSite.callConstructor(AbstractCallSite.java:277)
at io.restassured.internal.ResponseSpecificationImpl$HamcrestAssertionClosure.validate(ResponseSpecificationImpl.groovy:512)
at io.restassured.internal.ResponseSpecificationImpl$HamcrestAssertionClosure$validate$1.call(Unknown Source)
at io.restassured.internal.ResponseSpecificationImpl.validateResponseIfRequired(ResponseSpecificationImpl.groovy:696)
at io.restassured.internal.ResponseSpecificationImpl.this$2$validateResponseIfRequired(ResponseSpecificationImpl.groovy)
at jdk.internal.reflect.GeneratedMethodAccessor219.invoke(Unknown Source)
at java.base/jdk.internal.reflect.DelegatingMethodAccessorImpl.invoke(DelegatingMethodAccessorImpl.java:43)
at java.base/java.lang.reflect.Method.invoke(Method.java:568)
at org.codehaus.groovy.runtime.callsite.PlainObjectMetaMethodSite.doInvoke(PlainObjectMetaMethodSite.java:43)
at org.codehaus.groovy.runtime.callsite.PogoMetaMethodSite$PogoCachedMethodSiteNoUnwrapNoCoerce.invoke(PogoMetaMethodSite.java:198)
at org.codehaus.groovy.runtime.callsite.PogoMetaMethodSite.callCurrent(PogoMetaMethodSite.java:62)
at org.codehaus.groovy.runtime.callsite.AbstractCallSite.callCurrent(AbstractCallSite.java:185)
at io.restassured.internal.ResponseSpecificationImpl.header(ResponseSpecificationImpl.groovy:191)
at io.restassured.specification.ResponseSpecification$header$1.callCurrent(Unknown Source)
at io.restassured.internal.ResponseSpecificationImpl.header(ResponseSpecificationImpl.groovy:198)
at io.restassured.internal.ValidatableResponseOptionsImpl.header(ValidatableResponseOptionsImpl.java:124)
at stepdefinition.AllPut_NegativeSteps.user_receives_404NotFound_status_code_with_message_and_boolean_success_details(AllPut_NegativeSteps.java:123)
at ✽.User receives 404NotFound status code with message and boolean success details(file:///Users/surya/eclipse-workspace/LMSRestAssured/src/test/java/features/AllPutRequest_negative.feature:92)
]]>
            </full-stacktrace>
          </exception> <!-- java.lang.AssertionError -->
          <reporter-output>
          </reporter-output>
        </test-method> <!-- runScenario -->
        <test-method is-config="true" signature="tearDownClass()[pri:0, instance:testrunner.testRunner$TestRunner@795509d9]" started-at="2023-11-29T18:02:51 EST" name="tearDownClass" finished-at="2023-11-29T18:03:08 EST" duration-ms="16864" status="PASS">
          <reporter-output>
          </reporter-output>
        </test-method> <!-- tearDownClass -->
      </class> <!-- testrunner.testRunner$TestRunner -->
    </test> <!-- Default test -->
  </suite> <!-- Default suite -->
</testng-results>
